Log file open, 10/03/21 20:08:58
LogWindows: Failed to load 'aqProf.dll' (GetLastError=126)
LogWindows: File 'aqProf.dll' does not exist
LogWindows: Failed to load 'VtuneApi.dll' (GetLastError=126)
LogWindows: File 'VtuneApi.dll' does not exist
LogWindows: Failed to load 'VtuneApi32e.dll' (GetLastError=126)
LogWindows: File 'VtuneApi32e.dll' does not exist
LogConsoleResponse: Display: Failed to find resolution value strings in scalability ini. Falling back to default.
LogConsoleResponse: Display: Failed to find resolution value strings in scalability ini. Falling back to default.
LogInit: Display: Running engine for game: team_5
LogPlatformFile: Not using cached read wrapper
LogTaskGraph: Started task graph with 5 named threads and 20 total threads with 3 sets of task threads.
LogStats: Stats thread started at 0.405238
LogICUInternationalization: ICU TimeZone Detection - Raw Offset: +9:00, Platform Override: ''
LogInit: Display: Loading text-based GConfig....
LogPluginManager: Mounting plugin MeshPainting
LogPluginManager: Mounting plugin XGEController
LogPluginManager: Mounting plugin Paper2D
LogPluginManager: Mounting plugin AISupport
LogPluginManager: Mounting plugin EnvironmentQueryEditor
LogPluginManager: Mounting plugin LiveLink
LogPluginManager: Mounting plugin LightPropagationVolume
LogPluginManager: Mounting plugin CameraShakePreviewer
LogPluginManager: Mounting plugin GameplayCameras
LogPluginManager: Mounting plugin OodleData
LogPluginManager: Mounting plugin OodleNetwork
LogPluginManager: Mounting plugin AnimationSharing
LogPluginManager: Mounting plugin CLionSourceCodeAccess
LogPluginManager: Mounting plugin CodeLiteSourceCodeAccess
LogPluginManager: Mounting plugin GitSourceControl
LogPluginManager: Mounting plugin KDevelopSourceCodeAccess
LogPluginManager: Mounting plugin NullSourceCodeAccess
LogPluginManager: Mounting plugin PerforceSourceControl
LogPluginManager: Mounting plugin PixWinPlugin
LogPluginManager: Mounting plugin PlasticSourceControl
LogPluginManager: Mounting plugin PluginUtils
LogPluginManager: Mounting plugin PropertyAccessNode
LogPluginManager: Mounting plugin RiderSourceCodeAccess
LogPluginManager: Mounting plugin SubversionSourceControl
LogPluginManager: Mounting plugin TextureFormatOodle
LogPluginManager: Mounting plugin UObjectPlugin
LogPluginManager: Mounting plugin VisualStudioCodeSourceCodeAccess
LogPluginManager: Mounting plugin VisualStudioSourceCodeAccess
LogPluginManager: Mounting plugin XCodeSourceCodeAccess
LogPluginManager: Mounting plugin AssetManagerEditor
LogPluginManager: Mounting plugin CryptoKeys
LogPluginManager: Mounting plugin CurveEditorTools
LogPluginManager: Mounting plugin DataValidation
LogPluginManager: Mounting plugin FacialAnimation
LogPluginManager: Mounting plugin GameplayTagsEditor
LogPluginManager: Mounting plugin GeometryMode
LogPluginManager: Mounting plugin MacGraphicsSwitching
LogPluginManager: Mounting plugin MobileLauncherProfileWizard
LogPluginManager: Mounting plugin MaterialAnalyzer
LogPluginManager: Mounting plugin PluginBrowser
LogPluginManager: Mounting plugin SpeedTreeImporter
LogPluginManager: Mounting plugin DatasmithContent
LogPluginManager: Mounting plugin VariantManagerContent
LogPluginManager: Mounting plugin AlembicImporter
LogPluginManager: Mounting plugin AutomationUtils
LogPluginManager: Mounting plugin BackChannel
LogPluginManager: Mounting plugin ChaosClothEditor
LogPluginManager: Mounting plugin ChaosEditor
LogPluginManager: Mounting plugin ChaosSolverPlugin
LogPluginManager: Mounting plugin ChaosNiagara
LogPluginManager: Mounting plugin CharacterAI
LogPluginManager: Mounting plugin ChaosCloth
LogPluginManager: Mounting plugin GeometryCache
LogPluginManager: Mounting plugin GeometryCollectionPlugin
LogPluginManager: Mounting plugin GeometryProcessing
LogPluginManager: Mounting plugin MotoSynth
LogPluginManager: Mounting plugin OpenImageDenoise
LogPluginManager: Mounting plugin PlanarCut
LogPluginManager: Mounting plugin PlatformCrypto
LogPluginManager: Mounting plugin ProxyLODPlugin
LogPluginManager: Mounting plugin PythonScriptPlugin
LogPluginManager: Mounting plugin SkeletalReduction
LogPluginManager: Mounting plugin Niagara
LogPluginManager: Mounting plugin LuminPlatformFeatures
LogPluginManager: Mounting plugin MagicLeap
LogPluginManager: Mounting plugin MagicLeapLightEstimation
LogPluginManager: Mounting plugin MagicLeapMedia
LogPluginManager: Mounting plugin MagicLeapPassableWorld
LogPluginManager: Mounting plugin MLSDK
LogPluginManager: Mounting plugin AvfMedia
LogPluginManager: Mounting plugin AndroidMedia
LogPluginManager: Mounting plugin ImgMedia
LogPluginManager: Mounting plugin MediaCompositing
LogPluginManager: Mounting plugin MediaPlayerEditor
LogPluginManager: Mounting plugin WebMMedia
LogPluginManager: Mounting plugin WmfMedia
LogPluginManager: Mounting plugin TcpMessaging
LogPluginManager: Mounting plugin UdpMessaging
LogPluginManager: Mounting plugin ActorSequence
LogPluginManager: Mounting plugin LevelSequenceEditor
LogPluginManager: Mounting plugin MatineeToLevelSequence
LogPluginManager: Mounting plugin TemplateSequence
LogPluginManager: Mounting plugin OnlineSubsystem
LogPluginManager: Mounting plugin OnlineSubsystemNull
LogPluginManager: Mounting plugin OnlineSubsystemUtils
LogPluginManager: Mounting plugin LauncherChunkInstaller
LogPluginManager: Mounting plugin ActorLayerUtilities
LogPluginManager: Mounting plugin AndroidDeviceProfileSelector
LogPluginManager: Mounting plugin AndroidMoviePlayer
LogPluginManager: Mounting plugin AndroidPermission
LogPluginManager: Mounting plugin AppleImageUtils
LogPluginManager: Mounting plugin AppleMoviePlayer
LogPluginManager: Mounting plugin ArchVisCharacter
LogPluginManager: Mounting plugin AssetTags
LogPluginManager: Mounting plugin AudioCapture
LogPluginManager: Mounting plugin AudioSynesthesia
LogPluginManager: Mounting plugin CableComponent
LogPluginManager: Mounting plugin CustomMeshComponent
LogPluginManager: Mounting plugin ChunkDownloader
LogPluginManager: Mounting plugin EditableMesh
LogPluginManager: Mounting plugin GoogleCloudMessaging
LogPluginManager: Mounting plugin ExampleDeviceProfileSelector
LogPluginManager: Mounting plugin GooglePAD
LogPluginManager: Mounting plugin IOSDeviceProfileSelector
LogPluginManager: Mounting plugin LinuxDeviceProfileSelector
LogPluginManager: Mounting plugin LocationServicesBPLibrary
LogPluginManager: Mounting plugin MobilePatchingUtils
LogPluginManager: Mounting plugin OpenXR
LogPluginManager: Mounting plugin OpenXREyeTracker
LogPluginManager: Mounting plugin OpenXRHandTracking
LogPluginManager: Mounting plugin PhysXVehicles
LogPluginManager: Mounting plugin PostSplashScreen
LogPluginManager: Mounting plugin ProceduralMeshComponent
LogPluginManager: Mounting plugin PropertyAccessEditor
LogPluginManager: Mounting plugin RuntimePhysXCooking
LogPluginManager: Mounting plugin SignificanceManager
LogPluginManager: Mounting plugin SoundFields
LogPluginManager: Mounting plugin Synthesis
LogPluginManager: Mounting plugin WebMMoviePlayer
LogPluginManager: Mounting plugin WindowsMoviePlayer
LogPluginManager: Mounting plugin ScreenshotTools
LogPluginManager: Mounting plugin Takes
LogPluginManager: Mounting plugin ContentBrowserAssetDataSource
LogPluginManager: Mounting plugin ContentBrowserClassDataSource
LogPluginManager: Mounting plugin ContentBrowserFileDataSource
LogPluginManager: Mounting plugin OnlineSubsystemGooglePlay
LogPluginManager: Mounting plugin OnlineSubsystemIOS
LogPluginManager: Mounting plugin OculusVR
LogPluginManager: Mounting plugin SteamVR
PixWinPlugin: PIX capture plugin failed to initialize! Check that the process is launched from PIX.
LogInit: Using libcurl 7.55.1-DEV
LogInit:  - built for x86_64-pc-win32
LogInit:  - supports SSL with OpenSSL/1.1.1
LogInit:  - supports HTTP deflate (compression) using libz 1.2.8
LogInit:  - other features:
LogInit:      CURL_VERSION_SSL
LogInit:      CURL_VERSION_LIBZ
LogInit:      CURL_VERSION_IPV6
LogInit:      CURL_VERSION_ASYNCHDNS
LogInit:      CURL_VERSION_LARGEFILE
LogInit:      CURL_VERSION_IDN
LogInit:  CurlRequestOptions (configurable via config and command line):
LogInit:  - bVerifyPeer = true  - Libcurl will verify peer certificate
LogInit:  - bUseHttpProxy = false  - Libcurl will NOT use HTTP proxy
LogInit:  - bDontReuseConnections = false  - Libcurl will reuse connections
LogInit:  - MaxHostConnections = 16  - Libcurl will limit the number of connections to a host
LogInit:  - LocalHostAddr = Default
LogInit:  - BufferSize = 65536
LogOnline: OSS: Creating online subsystem instance for: NULL
LogInit: WinSock: version 1.1 (2.2), MaxSocks=32767, MaxUdp=65467
LogOnline: OSS: TryLoadSubsystemAndSetDefault: Loaded subsystem for module [NULL]
LogOculusPluginWrapper: OculusPlugin initialized successfully
LogHMD: Failed initializing OVRPlugin 1.59.0
LogInit: Build: ++UE4+Release-4.27-CL-17155196
LogInit: Engine Version: 4.27.0-17155196+++UE4+Release-4.27
LogInit: Compatible Engine Version: 4.27.0-17155196+++UE4+Release-4.27
LogInit: Net CL: 17155196
LogInit: OS: Windows 10 (Release 2009) (), CPU: Intel(R) Core(TM) i5-9400F CPU @ 2.90GHz, GPU: NVIDIA GeForce GTX 1660 SUPER
LogInit: Compiled (64-bit): Aug 13 2021 06:13:13
LogInit: Compiled with Visual C++: 19.24.28315.00
LogInit: Build Configuration: Development
LogInit: Branch Name: ++UE4+Release-4.27
LogInit: Command Line: 
LogInit: Base Directory: D:/UE_4.27/Engine/Binaries/Win64/
LogInit: Allocator: TBB
LogInit: Installed Engine Build: 1
LogDevObjectVersion: Number of dev versions registered: 29
LogDevObjectVersion:   Dev-Blueprints (B0D832E4-1F89-4F0D-ACCF-7EB736FD4AA2): 10
LogDevObjectVersion:   Dev-Build (E1C64328-A22C-4D53-A36C-8E866417BD8C): 0
LogDevObjectVersion:   Dev-Core (375EC13C-06E4-48FB-B500-84F0262A717E): 4
LogDevObjectVersion:   Dev-Editor (E4B068ED-F494-42E9-A231-DA0B2E46BB41): 40
LogDevObjectVersion:   Dev-Framework (CFFC743F-43B0-4480-9391-14DF171D2073): 37
LogDevObjectVersion:   Dev-Mobile (B02B49B5-BB20-44E9-A304-32B752E40360): 3
LogDevObjectVersion:   Dev-Networking (A4E4105C-59A1-49B5-A7C5-40C4547EDFEE): 0
LogDevObjectVersion:   Dev-Online (39C831C9-5AE6-47DC-9A44-9C173E1C8E7C): 0
LogDevObjectVersion:   Dev-Physics (78F01B33-EBEA-4F98-B9B4-84EACCB95AA2): 14
LogDevObjectVersion:   Dev-Platform (6631380F-2D4D-43E0-8009-CF276956A95A): 0
LogDevObjectVersion:   Dev-Rendering (12F88B9F-8875-4AFC-A67C-D90C383ABD29): 45
LogDevObjectVersion:   Dev-Sequencer (7B5AE74C-D270-4C10-A958-57980B212A5A): 13
LogDevObjectVersion:   Dev-VR (D7296918-1DD6-4BDD-9DE2-64A83CC13884): 3
LogDevObjectVersion:   Dev-LoadTimes (C2A15278-BFE7-4AFE-6C17-90FF531DF755): 1
LogDevObjectVersion:   Private-Geometry (6EACA3D4-40EC-4CC1-B786-8BED09428FC5): 3
LogDevObjectVersion:   Dev-AnimPhys (29E575DD-E0A3-4627-9D10-D276232CDCEA): 17
LogDevObjectVersion:   Dev-Anim (AF43A65D-7FD3-4947-9873-3E8ED9C1BB05): 15
LogDevObjectVersion:   Dev-ReflectionCapture (6B266CEC-1EC7-4B8F-A30B-E4D90942FC07): 1
LogDevObjectVersion:   Dev-Automation (0DF73D61-A23F-47EA-B727-89E90C41499A): 1
LogDevObjectVersion:   FortniteMain (601D1886-AC64-4F84-AA16-D3DE0DEAC7D6): 47
LogDevObjectVersion:   FortniteRelease (E7086368-6B23-4C58-8439-1B7016265E91): 1
LogDevObjectVersion:   Dev-Enterprise (9DFFBCD6-494F-0158-E221-12823C92A888): 10
LogDevObjectVersion:   Dev-Niagara (F2AED0AC-9AFE-416F-8664-AA7FFA26D6FC): 1
LogDevObjectVersion:   Dev-Destruction (174F1F0B-B4C6-45A5-B13F-2EE8D0FB917D): 10
LogDevObjectVersion:   Dev-Physics-Ext (35F94A83-E258-406C-A318-09F59610247C): 41
LogDevObjectVersion:   Dev-PhysicsMaterial-Chaos (B68FC16E-8B1B-42E2-B453-215C058844FE): 1
LogDevObjectVersion:   Dev-CineCamera (B2E18506-4273-CFC2-A54E-F4BB758BBA07): 1
LogDevObjectVersion:   Dev-VirtualProduction (64F58936-FD1B-42BA-BA96-7289D5D0FA4E): 1
LogDevObjectVersion:   Dev-MediaFramework (6F0ED827-A609-4895-9C91-998D90180EA4): 2
LogInit: Presizing for max 25165824 objects, including 0 objects not considered by GC, pre-allocating 0 bytes for permanent pool.
LogConfig: Applying CVar settings from Section [/Script/Engine.StreamingSettings] File [C:/Users/kch/Desktop/team555/team_5/Saved/Config/Windows/Engine.ini]
LogConfig: Setting CVar [[s.MinBulkDataSizeForAsyncLoading:131072]]
LogConfig: Setting CVar [[s.AsyncLoadingThreadEnabled:0]]
LogConfig: Setting CVar [[s.EventDrivenLoaderEnabled:1]]
LogConfig: Setting CVar [[s.WarnIfTimeLimitExceeded:0]]
LogConfig: Setting CVar [[s.TimeLimitExceededMultiplier:1.5]]
LogConfig: Setting CVar [[s.TimeLimitExceededMinTime:0.005]]
LogConfig: Setting CVar [[s.UseBackgroundLevelStreaming:1]]
LogConfig: Setting CVar [[s.PriorityAsyncLoadingExtraTime:15.0]]
LogConfig: Setting CVar [[s.LevelStreamingActorsUpdateTimeLimit:5.0]]
LogConfig: Setting CVar [[s.PriorityLevelStreamingActorsUpdateExtraTime:5.0]]
LogConfig: Setting CVar [[s.LevelStreamingComponentsRegistrationGranularity:10]]
LogConfig: Setting CVar [[s.UnregisterComponentsTimeLimit:1.0]]
LogConfig: Setting CVar [[s.LevelStreamingComponentsUnregistrationGranularity:5]]
LogConfig: Setting CVar [[s.FlushStreamingOnExit:1]]
LogInit: Object subsystem initialized
LogConfig: Setting CVar [[con.DebugEarlyDefault:1]]
LogConfig: Setting CVar [[r.setres:1280x720]]
[2021.10.03-11.09.01:754][  0]LogConfig: Setting CVar [[r.VSync:0]]
[2021.10.03-11.09.01:754][  0]LogConfig: Setting CVar [[r.RHICmdBypass:0]]
[2021.10.03-11.09.01:755][  0]LogConfig: Applying CVar settings from Section [/Script/Engine.RendererSettings] File [C:/Users/kch/Desktop/team555/team_5/Saved/Config/Windows/Engine.ini]
[2021.10.03-11.09.01:755][  0]LogConfig: Setting CVar [[r.GPUCrashDebugging:0]]
[2021.10.03-11.09.01:755][  0]LogConfig: Applying CVar settings from Section [/Script/Engine.RendererOverrideSettings] File [C:/Users/kch/Desktop/team555/team_5/Saved/Config/Windows/Engine.ini]
[2021.10.03-11.09.01:755][  0]LogConfig: Applying CVar settings from Section [/Script/Engine.StreamingSettings] File [C:/Users/kch/Desktop/team555/team_5/Saved/Config/Windows/Engine.ini]
[2021.10.03-11.09.01:755][  0]LogConfig: Setting CVar [[s.MinBulkDataSizeForAsyncLoading:131072]]
[2021.10.03-11.09.01:755][  0]LogConfig: Setting CVar [[s.AsyncLoadingThreadEnabled:0]]
[2021.10.03-11.09.01:755][  0]LogConfig: Setting CVar [[s.EventDrivenLoaderEnabled:1]]
[2021.10.03-11.09.01:755][  0]LogConfig: Setting CVar [[s.WarnIfTimeLimitExceeded:0]]
[2021.10.03-11.09.01:755][  0]LogConfig: Setting CVar [[s.TimeLimitExceededMultiplier:1.5]]
[2021.10.03-11.09.01:755][  0]LogConfig: Setting CVar [[s.TimeLimitExceededMinTime:0.005]]
[2021.10.03-11.09.01:755][  0]LogConfig: Setting CVar [[s.UseBackgroundLevelStreaming:1]]
[2021.10.03-11.09.01:755][  0]LogConfig: Setting CVar [[s.PriorityAsyncLoadingExtraTime:15.0]]
[2021.10.03-11.09.01:755][  0]LogConfig: Setting CVar [[s.LevelStreamingActorsUpdateTimeLimit:5.0]]
[2021.10.03-11.09.01:755][  0]LogConfig: Setting CVar [[s.PriorityLevelStreamingActorsUpdateExtraTime:5.0]]
[2021.10.03-11.09.01:755][  0]LogConfig: Setting CVar [[s.LevelStreamingComponentsRegistrationGranularity:10]]
[2021.10.03-11.09.01:755][  0]LogConfig: Setting CVar [[s.UnregisterComponentsTimeLimit:1.0]]
[2021.10.03-11.09.01:755][  0]LogConfig: Setting CVar [[s.LevelStreamingComponentsUnregistrationGranularity:5]]
[2021.10.03-11.09.01:755][  0]LogConfig: Setting CVar [[s.FlushStreamingOnExit:1]]
[2021.10.03-11.09.01:755][  0]LogConfig: Applying CVar settings from Section [/Script/Engine.GarbageCollectionSettings] File [C:/Users/kch/Desktop/team555/team_5/Saved/Config/Windows/Engine.ini]
[2021.10.03-11.09.01:755][  0]LogConfig: Setting CVar [[gc.MaxObjectsNotConsideredByGC:1]]
[2021.10.03-11.09.01:755][  0]LogConfig: Setting CVar [[gc.SizeOfPermanentObjectPool:0]]
[2021.10.03-11.09.01:755][  0]LogConfig: Setting CVar [[gc.FlushStreamingOnGC:0]]
[2021.10.03-11.09.01:755][  0]LogConfig: Setting CVar [[gc.NumRetriesBeforeForcingGC:10]]
[2021.10.03-11.09.01:755][  0]LogConfig: Setting CVar [[gc.AllowParallelGC:1]]
[2021.10.03-11.09.01:755][  0]LogConfig: Setting CVar [[gc.TimeBetweenPurgingPendingKillObjects:61.1]]
[2021.10.03-11.09.01:755][  0]LogConfig: Setting CVar [[gc.MaxObjectsInEditor:25165824]]
[2021.10.03-11.09.01:755][  0]LogConfig: Setting CVar [[gc.IncrementalBeginDestroyEnabled:1]]
[2021.10.03-11.09.01:755][  0]LogConfig: Setting CVar [[gc.CreateGCClusters:1]]
[2021.10.03-11.09.01:755][  0]LogConfig: Setting CVar [[gc.MinGCClusterSize:5]]
[2021.10.03-11.09.01:755][  0]LogConfig: Setting CVar [[gc.ActorClusteringEnabled:0]]
[2021.10.03-11.09.01:755][  0]LogConfig: Setting CVar [[gc.BlueprintClusteringEnabled:0]]
[2021.10.03-11.09.01:755][  0]LogConfig: Setting CVar [[gc.UseDisregardForGCOnDedicatedServers:0]]
[2021.10.03-11.09.01:755][  0]LogConfig: Setting CVar [[gc.MultithreadedDestructionEnabled:1]]
[2021.10.03-11.09.01:755][  0]LogConfig: Applying CVar settings from Section [/Script/Engine.NetworkSettings] File [C:/Users/kch/Desktop/team555/team_5/Saved/Config/Windows/Engine.ini]
[2021.10.03-11.09.01:755][  0]LogConfig: Applying CVar settings from Section [/Script/UnrealEd.CookerSettings] File [C:/Users/kch/Desktop/team555/team_5/Saved/Config/Windows/Engine.ini]
[2021.10.03-11.09.01:854][  0]LogConfig: Applying CVar settings from Section [ViewDistanceQuality@3] File [C:/Users/kch/Desktop/team555/team_5/Saved/Config/Windows/Scalability.ini]
[2021.10.03-11.09.01:854][  0]LogConfig: Setting CVar [[r.SkeletalMeshLODBias:0]]
[2021.10.03-11.09.01:854][  0]LogConfig: Setting CVar [[r.ViewDistanceScale:1.0]]
[2021.10.03-11.09.01:854][  0]LogConfig: Applying CVar settings from Section [AntiAliasingQuality@3] File [C:/Users/kch/Desktop/team555/team_5/Saved/Config/Windows/Scalability.ini]
[2021.10.03-11.09.01:854][  0]LogConfig: Setting CVar [[r.PostProcessAAQuality:4]]
[2021.10.03-11.09.01:854][  0]LogConfig: Applying CVar settings from Section [ShadowQuality@3] File [C:/Users/kch/Desktop/team555/team_5/Saved/Config/Windows/Scalability.ini]
[2021.10.03-11.09.01:854][  0]LogConfig: Setting CVar [[r.LightFunctionQuality:1]]
[2021.10.03-11.09.01:854][  0]LogConfig: Setting CVar [[r.ShadowQuality:5]]
[2021.10.03-11.09.01:854][  0]LogConfig: Setting CVar [[r.Shadow.CSM.MaxCascades:10]]
[2021.10.03-11.09.01:854][  0]LogConfig: Setting CVar [[r.Shadow.MaxResolution:2048]]
[2021.10.03-11.09.01:854][  0]LogConfig: Setting CVar [[r.Shadow.MaxCSMResolution:2048]]
[2021.10.03-11.09.01:854][  0]LogConfig: Setting CVar [[r.Shadow.RadiusThreshold:0.01]]
[2021.10.03-11.09.01:854][  0]LogConfig: Setting CVar [[r.Shadow.DistanceScale:1.0]]
[2021.10.03-11.09.01:854][  0]LogConfig: Setting CVar [[r.Shadow.CSM.TransitionScale:1.0]]
[2021.10.03-11.09.01:854][  0]LogConfig: Setting CVar [[r.Shadow.PreShadowResolutionFactor:1.0]]
[2021.10.03-11.09.01:854][  0]LogConfig: Setting CVar [[r.DistanceFieldShadowing:1]]
[2021.10.03-11.09.01:854][  0]LogConfig: Setting CVar [[r.DistanceFieldAO:1]]
[2021.10.03-11.09.01:854][  0]LogConfig: Setting CVar [[r.AOQuality:2]]
[2021.10.03-11.09.01:854][  0]LogConfig: Setting CVar [[r.VolumetricFog:1]]
[2021.10.03-11.09.01:854][  0]LogConfig: Setting CVar [[r.VolumetricFog.GridPixelSize:8]]
[2021.10.03-11.09.01:854][  0]LogConfig: Setting CVar [[r.VolumetricFog.GridSizeZ:128]]
[2021.10.03-11.09.01:854][  0]LogConfig: Setting CVar [[r.VolumetricFog.HistoryMissSupersampleCount:4]]
[2021.10.03-11.09.01:854][  0]LogConfig: Setting CVar [[r.LightMaxDrawDistanceScale:1]]
[2021.10.03-11.09.01:854][  0]LogConfig: Setting CVar [[r.CapsuleShadows:1]]
[2021.10.03-11.09.01:854][  0]LogConfig: Applying CVar settings from Section [PostProcessQuality@3] File [C:/Users/kch/Desktop/team555/team_5/Saved/Config/Windows/Scalability.ini]
[2021.10.03-11.09.01:854][  0]LogConfig: Setting CVar [[r.MotionBlurQuality:4]]
[2021.10.03-11.09.01:854][  0]LogConfig: Setting CVar [[r.AmbientOcclusionMipLevelFactor:0.4]]
[2021.10.03-11.09.01:854][  0]LogConfig: Setting CVar [[r.AmbientOcclusionMaxQuality:100]]
[2021.10.03-11.09.01:854][  0]LogConfig: Setting CVar [[r.AmbientOcclusionLevels:-1]]
[2021.10.03-11.09.01:854][  0]LogConfig: Setting CVar [[r.AmbientOcclusionRadiusScale:1.0]]
[2021.10.03-11.09.01:854][  0]LogConfig: Setting CVar [[r.DepthOfFieldQuality:2]]
[2021.10.03-11.09.01:854][  0]LogConfig: Setting CVar [[r.RenderTargetPoolMin:400]]
[2021.10.03-11.09.01:854][  0]LogConfig: Setting CVar [[r.LensFlareQuality:2]]
[2021.10.03-11.09.01:854][  0]LogConfig: Setting CVar [[r.SceneColorFringeQuality:1]]
[2021.10.03-11.09.01:854][  0]LogConfig: Setting CVar [[r.EyeAdaptationQuality:2]]
[2021.10.03-11.09.01:854][  0]LogConfig: Setting CVar [[r.BloomQuality:5]]
[2021.10.03-11.09.01:854][  0]LogConfig: Setting CVar [[r.FastBlurThreshold:100]]
[2021.10.03-11.09.01:854][  0]LogConfig: Setting CVar [[r.Upscale.Quality:3]]
[2021.10.03-11.09.01:854][  0]LogConfig: Setting CVar [[r.Tonemapper.GrainQuantization:1]]
[2021.10.03-11.09.01:854][  0]LogConfig: Setting CVar [[r.LightShaftQuality:1]]
[2021.10.03-11.09.01:854][  0]LogConfig: Setting CVar [[r.Filter.SizeScale:1]]
[2021.10.03-11.09.01:854][  0]LogConfig: Setting CVar [[r.Tonemapper.Quality:5]]
[2021.10.03-11.09.01:854][  0]LogConfig: Setting CVar [[r.DOF.Gather.AccumulatorQuality:1        ; higher gathering accumulator quality]]
[2021.10.03-11.09.01:854][  0]LogConfig: Setting CVar [[r.DOF.Gather.PostfilterMethod:1          ; Median3x3 postfilering method]]
[2021.10.03-11.09.01:854][  0]LogConfig: Setting CVar [[r.DOF.Gather.EnableBokehSettings:0       ; no bokeh simulation when gathering]]
[2021.10.03-11.09.01:854][  0]LogConfig: Setting CVar [[r.DOF.Gather.RingCount:4                 ; medium number of samples when gathering]]
[2021.10.03-11.09.01:855][  0]LogConfig: Setting CVar [[r.DOF.Scatter.ForegroundCompositing:1    ; additive foreground scattering]]
[2021.10.03-11.09.01:855][  0]LogConfig: Setting CVar [[r.DOF.Scatter.BackgroundCompositing:2    ; additive background scattering]]
[2021.10.03-11.09.01:855][  0]LogConfig: Setting CVar [[r.DOF.Scatter.EnableBokehSettings:1      ; bokeh simulation when scattering]]
[2021.10.03-11.09.01:855][  0]LogConfig: Setting CVar [[r.DOF.Scatter.MaxSpriteRatio:0.1         ; only a maximum of 10% of scattered bokeh]]
[2021.10.03-11.09.01:855][  0]LogConfig: Setting CVar [[r.DOF.Recombine.Quality:1                ; cheap slight out of focus]]
[2021.10.03-11.09.01:855][  0]LogConfig: Setting CVar [[r.DOF.Recombine.EnableBokehSettings:0    ; no bokeh simulation on slight out of focus]]
[2021.10.03-11.09.01:855][  0]LogConfig: Setting CVar [[r.DOF.TemporalAAQuality:1                ; more stable temporal accumulation]]
[2021.10.03-11.09.01:855][  0]LogConfig: Setting CVar [[r.DOF.Kernel.MaxForegroundRadius:0.025]]
[2021.10.03-11.09.01:855][  0]LogConfig: Setting CVar [[r.DOF.Kernel.MaxBackgroundRadius:0.025]]
[2021.10.03-11.09.01:855][  0]LogConfig: Applying CVar settings from Section [TextureQuality@3] File [C:/Users/kch/Desktop/team555/team_5/Saved/Config/Windows/Scalability.ini]
[2021.10.03-11.09.01:855][  0]LogConfig: Setting CVar [[r.Streaming.MipBias:0]]
[2021.10.03-11.09.01:855][  0]LogConfig: Setting CVar [[r.Streaming.AmortizeCPUToGPUCopy:0]]
[2021.10.03-11.09.01:855][  0]LogConfig: Setting CVar [[r.Streaming.MaxNumTexturesToStreamPerFrame:0]]
[2021.10.03-11.09.01:855][  0]LogConfig: Setting CVar [[r.Streaming.Boost:1]]
[2021.10.03-11.09.01:855][  0]LogConfig: Setting CVar [[r.MaxAnisotropy:8]]
[2021.10.03-11.09.01:855][  0]LogConfig: Setting CVar [[r.VT.MaxAnisotropy:8]]
[2021.10.03-11.09.01:855][  0]LogConfig: Setting CVar [[r.Streaming.LimitPoolSizeToVRAM:0]]
[2021.10.03-11.09.01:855][  0]LogConfig: Setting CVar [[r.Streaming.PoolSize:1000]]
[2021.10.03-11.09.01:855][  0]LogConfig: Setting CVar [[r.Streaming.MaxEffectiveScreenSize:0]]
[2021.10.03-11.09.01:855][  0]LogConfig: Applying CVar settings from Section [EffectsQuality@3] File [C:/Users/kch/Desktop/team555/team_5/Saved/Config/Windows/Scalability.ini]
[2021.10.03-11.09.01:855][  0]LogConfig: Setting CVar [[r.TranslucencyLightingVolumeDim:64]]
[2021.10.03-11.09.01:855][  0]LogConfig: Setting CVar [[r.RefractionQuality:2]]
[2021.10.03-11.09.01:855][  0]LogConfig: Setting CVar [[r.SSR.Quality:3]]
[2021.10.03-11.09.01:855][  0]LogConfig: Setting CVar [[r.SSR.HalfResSceneColor:0]]
[2021.10.03-11.09.01:855][  0]LogConfig: Setting CVar [[r.SceneColorFormat:4]]
[2021.10.03-11.09.01:855][  0]LogConfig: Setting CVar [[r.DetailMode:2]]
[2021.10.03-11.09.01:855][  0]LogConfig: Setting CVar [[r.TranslucencyVolumeBlur:1]]
[2021.10.03-11.09.01:855][  0]LogConfig: Setting CVar [[r.MaterialQualityLevel:1 ; High quality]]
[2021.10.03-11.09.01:855][  0]LogConfig: Setting CVar [[r.AnisotropicMaterials:1]]
[2021.10.03-11.09.01:855][  0]LogConfig: Setting CVar [[r.SSS.Scale:1]]
[2021.10.03-11.09.01:855][  0]LogConfig: Setting CVar [[r.SSS.SampleSet:2]]
[2021.10.03-11.09.01:855][  0]LogConfig: Setting CVar [[r.SSS.Quality:1]]
[2021.10.03-11.09.01:855][  0]LogConfig: Setting CVar [[r.SSS.HalfRes:0]]
[2021.10.03-11.09.01:855][  0]LogConfig: Setting CVar [[r.SSGI.Quality:3]]
[2021.10.03-11.09.01:855][  0]LogConfig: Setting CVar [[r.EmitterSpawnRateScale:1.0]]
[2021.10.03-11.09.01:855][  0]LogConfig: Setting CVar [[r.ParticleLightQuality:2]]
[2021.10.03-11.09.01:855][  0]LogConfig: Setting CVar [[r.SkyAtmosphere.AerialPerspectiveLUT.FastApplyOnOpaque:1 ; Always have FastSkyLUT 1 in this case to avoid wrong sky]]
[2021.10.03-11.09.01:855][  0]LogConfig: Setting CVar [[r.SkyAtmosphere.AerialPerspectiveLUT.SampleCountMaxPerSlice:4]]
[2021.10.03-11.09.01:855][  0]LogConfig: Setting CVar [[r.SkyAtmosphere.AerialPerspectiveLUT.DepthResolution:16.0]]
[2021.10.03-11.09.01:855][  0]LogConfig: Setting CVar [[r.SkyAtmosphere.FastSkyLUT:1]]
[2021.10.03-11.09.01:855][  0]LogConfig: Setting CVar [[r.SkyAtmosphere.FastSkyLUT.SampleCountMin:4.0]]
[2021.10.03-11.09.01:855][  0]LogConfig: Setting CVar [[r.SkyAtmosphere.FastSkyLUT.SampleCountMax:128.0]]
[2021.10.03-11.09.01:855][  0]LogConfig: Setting CVar [[r.SkyAtmosphere.SampleCountMin:4.0]]
[2021.10.03-11.09.01:855][  0]LogConfig: Setting CVar [[r.SkyAtmosphere.SampleCountMax:128.0]]
[2021.10.03-11.09.01:855][  0]LogConfig: Setting CVar [[r.SkyAtmosphere.TransmittanceLUT.UseSmallFormat:0]]
[2021.10.03-11.09.01:855][  0]LogConfig: Setting CVar [[r.SkyAtmosphere.TransmittanceLUT.SampleCount:10.0]]
[2021.10.03-11.09.01:855][  0]LogConfig: Setting CVar [[r.SkyAtmosphere.MultiScatteringLUT.SampleCount:15.0]]
[2021.10.03-11.09.01:855][  0]LogConfig: Setting CVar [[r.SkyLight.RealTimeReflectionCapture:1]]
[2021.10.03-11.09.01:855][  0]LogConfig: Applying CVar settings from Section [FoliageQuality@3] File [C:/Users/kch/Desktop/team555/team_5/Saved/Config/Windows/Scalability.ini]
[2021.10.03-11.09.01:855][  0]LogConfig: Setting CVar [[foliage.DensityScale:1.0]]
[2021.10.03-11.09.01:855][  0]LogConfig: Setting CVar [[grass.DensityScale:1.0]]
[2021.10.03-11.09.01:855][  0]LogConfig: Applying CVar settings from Section [ShadingQuality@3] File [C:/Users/kch/Desktop/team555/team_5/Saved/Config/Windows/Scalability.ini]
[2021.10.03-11.09.01:855][  0]LogConfig: Setting CVar [[r.HairStrands.SkyLighting.IntegrationType:2]]
[2021.10.03-11.09.01:855][  0]LogConfig: Setting CVar [[r.HairStrands.SkyAO.SampleCount:4]]
[2021.10.03-11.09.01:855][  0]LogConfig: Setting CVar [[r.HairStrands.Visibility.MSAA.SamplePerPixel:4]]
[2021.10.03-11.09.01:870][  0]LogInit: Selected Device Profile: [Windows]
[2021.10.03-11.09.01:875][  0]LogInit: Applying CVar settings loaded from the selected device profile: [Windows]
[2021.10.03-11.09.01:881][  0]LogHAL: Display: Platform has ~ 16 GB [17111224320 / 17179869184 / 16], which maps to Larger [LargestMinGB=32, LargerMinGB=12, DefaultMinGB=8, SmallerMinGB=6, SmallestMinGB=0)
[2021.10.03-11.09.01:881][  0]LogInit: Going up to parent DeviceProfile []
[2021.10.03-11.09.01:888][  0]LogConfig: Applying CVar settings from Section [ViewDistanceQuality@3] File [C:/Users/kch/Desktop/team555/team_5/Saved/Config/Windows/Scalability.ini]
[2021.10.03-11.09.01:888][  0]LogConfig: Setting CVar [[r.SkeletalMeshLODBias:0]]
[2021.10.03-11.09.01:888][  0]LogConfig: Setting CVar [[r.ViewDistanceScale:1.0]]
[2021.10.03-11.09.01:888][  0]LogConfig: Applying CVar settings from Section [AntiAliasingQuality@3] File [C:/Users/kch/Desktop/team555/team_5/Saved/Config/Windows/Scalability.ini]
[2021.10.03-11.09.01:888][  0]LogConfig: Setting CVar [[r.PostProcessAAQuality:4]]
[2021.10.03-11.09.01:888][  0]LogConfig: Applying CVar settings from Section [ShadowQuality@3] File [C:/Users/kch/Desktop/team555/team_5/Saved/Config/Windows/Scalability.ini]
[2021.10.03-11.09.01:888][  0]LogConfig: Setting CVar [[r.LightFunctionQuality:1]]
[2021.10.03-11.09.01:888][  0]LogConfig: Setting CVar [[r.ShadowQuality:5]]
[2021.10.03-11.09.01:888][  0]LogConfig: Setting CVar [[r.Shadow.CSM.MaxCascades:10]]
[2021.10.03-11.09.01:888][  0]LogConfig: Setting CVar [[r.Shadow.MaxResolution:2048]]
[2021.10.03-11.09.01:888][  0]LogConfig: Setting CVar [[r.Shadow.MaxCSMResolution:2048]]
[2021.10.03-11.09.01:888][  0]LogConfig: Setting CVar [[r.Shadow.RadiusThreshold:0.01]]
[2021.10.03-11.09.01:888][  0]LogConfig: Setting CVar [[r.Shadow.DistanceScale:1.0]]
[2021.10.03-11.09.01:888][  0]LogConfig: Setting CVar [[r.Shadow.CSM.TransitionScale:1.0]]
[2021.10.03-11.09.01:888][  0]LogConfig: Setting CVar [[r.Shadow.PreShadowResolutionFactor:1.0]]
[2021.10.03-11.09.01:888][  0]LogConfig: Setting CVar [[r.DistanceFieldShadowing:1]]
[2021.10.03-11.09.01:888][  0]LogConfig: Setting CVar [[r.DistanceFieldAO:1]]
[2021.10.03-11.09.01:888][  0]LogConfig: Setting CVar [[r.AOQuality:2]]
[2021.10.03-11.09.01:888][  0]LogConfig: Setting CVar [[r.VolumetricFog:1]]
[2021.10.03-11.09.01:888][  0]LogConfig: Setting CVar [[r.VolumetricFog.GridPixelSize:8]]
[2021.10.03-11.09.01:888][  0]LogConfig: Setting CVar [[r.VolumetricFog.GridSizeZ:128]]
[2021.10.03-11.09.01:888][  0]LogConfig: Setting CVar [[r.VolumetricFog.HistoryMissSupersampleCount:4]]
[2021.10.03-11.09.01:888][  0]LogConfig: Setting CVar [[r.LightMaxDrawDistanceScale:1]]
[2021.10.03-11.09.01:888][  0]LogConfig: Setting CVar [[r.CapsuleShadows:1]]
[2021.10.03-11.09.01:888][  0]LogConfig: Applying CVar settings from Section [PostProcessQuality@3] File [C:/Users/kch/Desktop/team555/team_5/Saved/Config/Windows/Scalability.ini]
[2021.10.03-11.09.01:888][  0]LogConfig: Setting CVar [[r.MotionBlurQuality:4]]
[2021.10.03-11.09.01:888][  0]LogConfig: Setting CVar [[r.AmbientOcclusionMipLevelFactor:0.4]]
[2021.10.03-11.09.01:888][  0]LogConfig: Setting CVar [[r.AmbientOcclusionMaxQuality:100]]
[2021.10.03-11.09.01:888][  0]LogConfig: Setting CVar [[r.AmbientOcclusionLevels:-1]]
[2021.10.03-11.09.01:888][  0]LogConfig: Setting CVar [[r.AmbientOcclusionRadiusScale:1.0]]
[2021.10.03-11.09.01:888][  0]LogConfig: Setting CVar [[r.DepthOfFieldQuality:2]]
[2021.10.03-11.09.01:888][  0]LogConfig: Setting CVar [[r.RenderTargetPoolMin:400]]
[2021.10.03-11.09.01:888][  0]LogConfig: Setting CVar [[r.LensFlareQuality:2]]
[2021.10.03-11.09.01:888][  0]LogConfig: Setting CVar [[r.SceneColorFringeQuality:1]]
[2021.10.03-11.09.01:888][  0]LogConfig: Setting CVar [[r.EyeAdaptationQuality:2]]
[2021.10.03-11.09.01:888][  0]LogConfig: Setting CVar [[r.BloomQuality:5]]
[2021.10.03-11.09.01:888][  0]LogConfig: Setting CVar [[r.FastBlurThreshold:100]]
[2021.10.03-11.09.01:888][  0]LogConfig: Setting CVar [[r.Upscale.Quality:3]]
[2021.10.03-11.09.01:888][  0]LogConfig: Setting CVar [[r.Tonemapper.GrainQuantization:1]]
[2021.10.03-11.09.01:888][  0]LogConfig: Setting CVar [[r.LightShaftQuality:1]]
[2021.10.03-11.09.01:888][  0]LogConfig: Setting CVar [[r.Filter.SizeScale:1]]
[2021.10.03-11.09.01:888][  0]LogConfig: Setting CVar [[r.Tonemapper.Quality:5]]
[2021.10.03-11.09.01:888][  0]LogConfig: Setting CVar [[r.DOF.Gather.AccumulatorQuality:1        ; higher gathering accumulator quality]]
[2021.10.03-11.09.01:888][  0]LogConfig: Setting CVar [[r.DOF.Gather.PostfilterMethod:1          ; Median3x3 postfilering method]]
[2021.10.03-11.09.01:888][  0]LogConfig: Setting CVar [[r.DOF.Gather.EnableBokehSettings:0       ; no bokeh simulation when gathering]]
[2021.10.03-11.09.01:888][  0]LogConfig: Setting CVar [[r.DOF.Gather.RingCount:4                 ; medium number of samples when gathering]]
[2021.10.03-11.09.01:888][  0]LogConfig: Setting CVar [[r.DOF.Scatter.ForegroundCompositing:1    ; additive foreground scattering]]
[2021.10.03-11.09.01:888][  0]LogConfig: Setting CVar [[r.DOF.Scatter.BackgroundCompositing:2    ; additive background scattering]]
[2021.10.03-11.09.01:888][  0]LogConfig: Setting CVar [[r.DOF.Scatter.EnableBokehSettings:1      ; bokeh simulation when scattering]]
[2021.10.03-11.09.01:888][  0]LogConfig: Setting CVar [[r.DOF.Scatter.MaxSpriteRatio:0.1         ; only a maximum of 10% of scattered bokeh]]
[2021.10.03-11.09.01:888][  0]LogConfig: Setting CVar [[r.DOF.Recombine.Quality:1                ; cheap slight out of focus]]
[2021.10.03-11.09.01:888][  0]LogConfig: Setting CVar [[r.DOF.Recombine.EnableBokehSettings:0    ; no bokeh simulation on slight out of focus]]
[2021.10.03-11.09.01:888][  0]LogConfig: Setting CVar [[r.DOF.TemporalAAQuality:1                ; more stable temporal accumulation]]
[2021.10.03-11.09.01:888][  0]LogConfig: Setting CVar [[r.DOF.Kernel.MaxForegroundRadius:0.025]]
[2021.10.03-11.09.01:888][  0]LogConfig: Setting CVar [[r.DOF.Kernel.MaxBackgroundRadius:0.025]]
[2021.10.03-11.09.01:888][  0]LogConfig: Applying CVar settings from Section [TextureQuality@3] File [C:/Users/kch/Desktop/team555/team_5/Saved/Config/Windows/Scalability.ini]
[2021.10.03-11.09.01:888][  0]LogConfig: Setting CVar [[r.Streaming.MipBias:0]]
[2021.10.03-11.09.01:888][  0]LogConfig: Setting CVar [[r.Streaming.AmortizeCPUToGPUCopy:0]]
[2021.10.03-11.09.01:888][  0]LogConfig: Setting CVar [[r.Streaming.MaxNumTexturesToStreamPerFrame:0]]
[2021.10.03-11.09.01:888][  0]LogConfig: Setting CVar [[r.Streaming.Boost:1]]
[2021.10.03-11.09.01:888][  0]LogConfig: Setting CVar [[r.MaxAnisotropy:8]]
[2021.10.03-11.09.01:888][  0]LogConfig: Setting CVar [[r.VT.MaxAnisotropy:8]]
[2021.10.03-11.09.01:888][  0]LogConfig: Setting CVar [[r.Streaming.LimitPoolSizeToVRAM:0]]
[2021.10.03-11.09.01:889][  0]LogConfig: Setting CVar [[r.Streaming.PoolSize:1000]]
[2021.10.03-11.09.01:889][  0]LogConfig: Setting CVar [[r.Streaming.MaxEffectiveScreenSize:0]]
[2021.10.03-11.09.01:889][  0]LogConfig: Applying CVar settings from Section [EffectsQuality@3] File [C:/Users/kch/Desktop/team555/team_5/Saved/Config/Windows/Scalability.ini]
[2021.10.03-11.09.01:889][  0]LogConfig: Setting CVar [[r.TranslucencyLightingVolumeDim:64]]
[2021.10.03-11.09.01:889][  0]LogConfig: Setting CVar [[r.RefractionQuality:2]]
[2021.10.03-11.09.01:889][  0]LogConfig: Setting CVar [[r.SSR.Quality:3]]
[2021.10.03-11.09.01:889][  0]LogConfig: Setting CVar [[r.SSR.HalfResSceneColor:0]]
[2021.10.03-11.09.01:889][  0]LogConfig: Setting CVar [[r.SceneColorFormat:4]]
[2021.10.03-11.09.01:889][  0]LogConfig: Setting CVar [[r.DetailMode:2]]
[2021.10.03-11.09.01:889][  0]LogConfig: Setting CVar [[r.TranslucencyVolumeBlur:1]]
[2021.10.03-11.09.01:889][  0]LogConfig: Setting CVar [[r.MaterialQualityLevel:1 ; High quality]]
[2021.10.03-11.09.01:889][  0]LogConfig: Setting CVar [[r.AnisotropicMaterials:1]]
[2021.10.03-11.09.01:889][  0]LogConfig: Setting CVar [[r.SSS.Scale:1]]
[2021.10.03-11.09.01:889][  0]LogConfig: Setting CVar [[r.SSS.SampleSet:2]]
[2021.10.03-11.09.01:889][  0]LogConfig: Setting CVar [[r.SSS.Quality:1]]
[2021.10.03-11.09.01:889][  0]LogConfig: Setting CVar [[r.SSS.HalfRes:0]]
[2021.10.03-11.09.01:889][  0]LogConfig: Setting CVar [[r.SSGI.Quality:3]]
[2021.10.03-11.09.01:889][  0]LogConfig: Setting CVar [[r.EmitterSpawnRateScale:1.0]]
[2021.10.03-11.09.01:889][  0]LogConfig: Setting CVar [[r.ParticleLightQuality:2]]
[2021.10.03-11.09.01:889][  0]LogConfig: Setting CVar [[r.SkyAtmosphere.AerialPerspectiveLUT.FastApplyOnOpaque:1 ; Always have FastSkyLUT 1 in this case to avoid wrong sky]]
[2021.10.03-11.09.01:889][  0]LogConfig: Setting CVar [[r.SkyAtmosphere.AerialPerspectiveLUT.SampleCountMaxPerSlice:4]]
[2021.10.03-11.09.01:889][  0]LogConfig: Setting CVar [[r.SkyAtmosphere.AerialPerspectiveLUT.DepthResolution:16.0]]
[2021.10.03-11.09.01:889][  0]LogConfig: Setting CVar [[r.SkyAtmosphere.FastSkyLUT:1]]
[2021.10.03-11.09.01:889][  0]LogConfig: Setting CVar [[r.SkyAtmosphere.FastSkyLUT.SampleCountMin:4.0]]
[2021.10.03-11.09.01:889][  0]LogConfig: Setting CVar [[r.SkyAtmosphere.FastSkyLUT.SampleCountMax:128.0]]
[2021.10.03-11.09.01:889][  0]LogConfig: Setting CVar [[r.SkyAtmosphere.SampleCountMin:4.0]]
[2021.10.03-11.09.01:889][  0]LogConfig: Setting CVar [[r.SkyAtmosphere.SampleCountMax:128.0]]
[2021.10.03-11.09.01:889][  0]LogConfig: Setting CVar [[r.SkyAtmosphere.TransmittanceLUT.UseSmallFormat:0]]
[2021.10.03-11.09.01:889][  0]LogConfig: Setting CVar [[r.SkyAtmosphere.TransmittanceLUT.SampleCount:10.0]]
[2021.10.03-11.09.01:889][  0]LogConfig: Setting CVar [[r.SkyAtmosphere.MultiScatteringLUT.SampleCount:15.0]]
[2021.10.03-11.09.01:889][  0]LogConfig: Setting CVar [[r.SkyLight.RealTimeReflectionCapture:1]]
[2021.10.03-11.09.01:889][  0]LogConfig: Applying CVar settings from Section [FoliageQuality@3] File [C:/Users/kch/Desktop/team555/team_5/Saved/Config/Windows/Scalability.ini]
[2021.10.03-11.09.01:889][  0]LogConfig: Setting CVar [[foliage.DensityScale:1.0]]
[2021.10.03-11.09.01:889][  0]LogConfig: Setting CVar [[grass.DensityScale:1.0]]
[2021.10.03-11.09.01:889][  0]LogConfig: Applying CVar settings from Section [ShadingQuality@3] File [C:/Users/kch/Desktop/team555/team_5/Saved/Config/Windows/Scalability.ini]
[2021.10.03-11.09.01:889][  0]LogConfig: Setting CVar [[r.HairStrands.SkyLighting.IntegrationType:2]]
[2021.10.03-11.09.01:889][  0]LogConfig: Setting CVar [[r.HairStrands.SkyAO.SampleCount:4]]
[2021.10.03-11.09.01:889][  0]LogConfig: Setting CVar [[r.HairStrands.Visibility.MSAA.SamplePerPixel:4]]
[2021.10.03-11.09.01:889][  0]LogConfig: Applying CVar settings from Section [Startup] File [../../../Engine/Config/ConsoleVariables.ini]
[2021.10.03-11.09.01:903][  0]LogConfig: Setting CVar [[net.UseAdaptiveNetUpdateFrequency:0]]
[2021.10.03-11.09.01:903][  0]LogConfig: Setting CVar [[p.chaos.AllowCreatePhysxBodies:1]]
[2021.10.03-11.09.01:903][  0]LogConfig: Setting CVar [[fx.SkipVectorVMBackendOptimizations:1]]
[2021.10.03-11.09.01:903][  0]LogConfig: Applying CVar settings from Section [ConsoleVariables] File [C:/Users/kch/Desktop/team555/team_5/Saved/Config/Windows/Engine.ini]
[2021.10.03-11.09.01:903][  0]LogConfig: Applying CVar settings from Section [ConsoleVariables] File [C:/Users/kch/Desktop/team555/team_5/Saved/Config/Windows/Editor.ini]
[2021.10.03-11.09.01:911][  0]LogInit: Computer: DESKTOP-L0QE7EB
[2021.10.03-11.09.01:911][  0]LogInit: User: kch
[2021.10.03-11.09.01:911][  0]LogInit: CPU Page size=4096, Cores=6
[2021.10.03-11.09.01:911][  0]LogInit: High frequency timer resolution =10.000000 MHz
[2021.10.03-11.09.01:911][  0]LogMemory: Memory total: Physical=15.9GB (16GB approx)
[2021.10.03-11.09.01:914][  0]LogMemory: Platform Memory Stats for Windows
[2021.10.03-11.09.01:914][  0]LogMemory: Process Physical Memory: 144.12 MB used, 144.13 MB peak
[2021.10.03-11.09.01:914][  0]LogMemory: Process Virtual Memory: 112.45 MB used, 112.45 MB peak
[2021.10.03-11.09.01:914][  0]LogMemory: Physical Memory: 5918.25 MB used,  10400.29 MB free, 16318.54 MB total
[2021.10.03-11.09.01:914][  0]LogMemory: Virtual Memory: 134207576.00 MB used,  10150.54 MB free, 134217728.00 MB total
[2021.10.03-11.09.01:929][  0]LogWindows: WindowsPlatformFeatures enabled
[2021.10.03-11.09.02:511][  0]LogInit: Physics initialised using underlying interface: PhysX
[2021.10.03-11.09.02:545][  0]LogInit: Overriding language with editor language configuration option (en).
[2021.10.03-11.09.02:545][  0]LogInit: Using OS detected locale (ko-KR).
[2021.10.03-11.09.03:099][  0]LogInit: Setting process to per monitor DPI aware
[2021.10.03-11.09.03:273][  0]LogWindowsTextInputMethodSystem: Display: IME system deactivated.
[2021.10.03-11.09.03:506][  0]LogSlate: New Slate User Created.  User Index 0, Is Virtual User: 0
[2021.10.03-11.09.03:512][  0]LogSlate: Slate User Registered.  User Index 0, Is Virtual User: 0
[2021.10.03-11.09.05:114][  0]LogD3D11RHI: Loaded GFSDK_Aftermath_Lib.x64.dll
[2021.10.03-11.09.05:127][  0]LogHMD: Failed to initialize OpenVR with code 110
[2021.10.03-11.09.05:127][  0]LogD3D11RHI: D3D11 min allowed feature level: 11_0
[2021.10.03-11.09.05:128][  0]LogD3D11RHI: D3D11 max allowed feature level: 11_0
[2021.10.03-11.09.05:128][  0]LogD3D11RHI: D3D11 adapters:
[2021.10.03-11.09.05:253][  0]LogD3D11RHI:    0. 'NVIDIA GeForce GTX 1660 SUPER' (Feature Level 11_0)
[2021.10.03-11.09.05:253][  0]LogD3D11RHI:       5991/0/8159 MB DedicatedVideo/DedicatedSystem/SharedSystem, Outputs:2, VendorId:0x10de
[2021.10.03-11.09.05:256][  0]LogD3D11RHI:    1. 'Microsoft Basic Render Driver' (Feature Level 11_0)
[2021.10.03-11.09.05:256][  0]LogD3D11RHI:       0/0/8159 MB DedicatedVideo/DedicatedSystem/SharedSystem, Outputs:0, VendorId:0x1414
[2021.10.03-11.09.05:256][  0]LogD3D11RHI: Chosen D3D11 Adapter: 0
[2021.10.03-11.09.05:276][  0]LogD3D11RHI: Creating new Direct3DDevice
[2021.10.03-11.09.05:276][  0]LogD3D11RHI:     GPU DeviceId: 0x21c4 (for the marketing name, search the web for "GPU Device Id")
[2021.10.03-11.09.05:276][  0]LogWindows: EnumDisplayDevices:
[2021.10.03-11.09.05:276][  0]LogWindows:    0. 'NVIDIA GeForce GTX 1660 SUPER' (P:0 D:1)
[2021.10.03-11.09.05:278][  0]LogWindows:    1. 'NVIDIA GeForce GTX 1660 SUPER' (P:1 D:1)
[2021.10.03-11.09.05:279][  0]LogWindows:    2. 'NVIDIA GeForce GTX 1660 SUPER' (P:0 D:0)
[2021.10.03-11.09.05:280][  0]LogWindows:    3. 'NVIDIA GeForce GTX 1660 SUPER' (P:0 D:0)
[2021.10.03-11.09.05:281][  0]LogWindows: DebugString: FoundDriverCount:4 
[2021.10.03-11.09.05:281][  0]LogD3D11RHI:     Adapter Name: NVIDIA GeForce GTX 1660 SUPER
[2021.10.03-11.09.05:281][  0]LogD3D11RHI:   Driver Version: 461.09 (internal:27.21.14.6109, unified:461.09)
[2021.10.03-11.09.05:281][  0]LogD3D11RHI:      Driver Date: 12-31-2020
[2021.10.03-11.09.05:281][  0]LogRHI: Texture pool is 4193 MB (70% of 5991 MB)
[2021.10.03-11.09.05:371][  0]LogD3D11RHI: RHI has support for 64 bit atomics
[2021.10.03-11.09.05:371][  0]LogD3D11RHI: Async texture creation enabled
[2021.10.03-11.09.05:371][  0]LogD3D11RHI: Array index from any shader is supported
[2021.10.03-11.09.05:646][  0]LogD3D11RHI: GPU Timing Frequency: 1000.000000 (Debug: 2 1)
[2021.10.03-11.09.05:809][  0]LogRHI: GeForceNow SDK initialized: 1
[2021.10.03-11.09.06:463][  0]LogTargetPlatformManager: Display: Loaded TargetPlatform 'AllDesktop'
[2021.10.03-11.09.06:503][  0]LogTargetPlatformManager: Display: Loaded TargetPlatform 'Android'
[2021.10.03-11.09.06:503][  0]LogTargetPlatformManager: Display: Loaded TargetPlatform 'Android_ASTC'
[2021.10.03-11.09.06:503][  0]LogTargetPlatformManager: Display: Loaded TargetPlatform 'Android_DXT'
[2021.10.03-11.09.06:503][  0]LogTargetPlatformManager: Display: Loaded TargetPlatform 'Android_ETC2'
[2021.10.03-11.09.06:503][  0]LogTargetPlatformManager: Display: Loaded TargetPlatform 'AndroidClient'
[2021.10.03-11.09.06:503][  0]LogTargetPlatformManager: Display: Loaded TargetPlatform 'Android_ASTCClient'
[2021.10.03-11.09.06:503][  0]LogTargetPlatformManager: Display: Loaded TargetPlatform 'Android_DXTClient'
[2021.10.03-11.09.06:503][  0]LogTargetPlatformManager: Display: Loaded TargetPlatform 'Android_ETC2Client'
[2021.10.03-11.09.06:503][  0]LogTargetPlatformManager: Display: Loaded TargetPlatform 'Android_Multi'
[2021.10.03-11.09.06:503][  0]LogTargetPlatformManager: Display: Loaded TargetPlatform 'Android_MultiClient'
[2021.10.03-11.09.06:558][  0]LogTargetPlatformManager: Display: Loaded TargetPlatform 'IOSClient'
[2021.10.03-11.09.06:558][  0]LogTargetPlatformManager: Display: Loaded TargetPlatform 'IOS'
[2021.10.03-11.09.06:624][  0]LogTargetPlatformManager: Display: Loaded TargetPlatform 'Linux'
[2021.10.03-11.09.06:632][  0]LogTargetPlatformManager: Display: Loaded TargetPlatform 'LinuxNoEditor'
[2021.10.03-11.09.06:646][  0]LogTargetPlatformManager: Display: Loaded TargetPlatform 'LinuxClient'
[2021.10.03-11.09.06:655][  0]LogTargetPlatformManager: Display: Loaded TargetPlatform 'LinuxServer'
[2021.10.03-11.09.06:679][  0]LogTargetPlatformManager: Display: Loaded TargetPlatform 'LinuxAArch64NoEditor'
[2021.10.03-11.09.06:687][  0]LogTargetPlatformManager: Display: Loaded TargetPlatform 'LinuxAArch64Client'
[2021.10.03-11.09.06:694][  0]LogTargetPlatformManager: Display: Loaded TargetPlatform 'LinuxAArch64Server'
[2021.10.03-11.09.06:735][  0]LogTargetPlatformManager: Display: Loaded TargetPlatform 'Lumin'
[2021.10.03-11.09.06:735][  0]LogTargetPlatformManager: Display: Loaded TargetPlatform 'LuminClient'
[2021.10.03-11.09.06:759][  0]LogTargetPlatformManager: Display: Loaded TargetPlatform 'MacNoEditor'
[2021.10.03-11.09.06:767][  0]LogTargetPlatformManager: Display: Loaded TargetPlatform 'Mac'
[2021.10.03-11.09.06:775][  0]LogTargetPlatformManager: Display: Loaded TargetPlatform 'MacClient'
[2021.10.03-11.09.06:786][  0]LogTargetPlatformManager: Display: Loaded TargetPlatform 'MacServer'
[2021.10.03-11.09.06:801][  0]LogTargetPlatformManager: Display: Loaded TargetPlatform 'TVOSClient'
[2021.10.03-11.09.06:801][  0]LogTargetPlatformManager: Display: Loaded TargetPlatform 'TVOS'
[2021.10.03-11.09.06:838][  0]LogTargetPlatformManager: Display: Loaded TargetPlatform 'WindowsNoEditor'
[2021.10.03-11.09.06:846][  0]LogTargetPlatformManager: Display: Loaded TargetPlatform 'Windows'
[2021.10.03-11.09.06:854][  0]LogTargetPlatformManager: Display: Loaded TargetPlatform 'WindowsClient'
[2021.10.03-11.09.06:862][  0]LogTargetPlatformManager: Display: Loaded TargetPlatform 'WindowsServer'
[2021.10.03-11.09.06:862][  0]LogTargetPlatformManager: Display: Building Assets For Windows
[2021.10.03-11.09.06:945][  0]LogAudioDebug: Display: Lib vorbis DLL was dynamically loaded.
[2021.10.03-11.09.07:224][  0]LogTextureFormatOodle: Display: Oodle Texture 2.9.0 init RDO Off
[2021.10.03-11.09.07:721][  0]LogRendererCore: Ray tracing is disabled. Reason: r.RayTracing=0.
[2021.10.03-11.09.07:752][  0]LogShaderCompilers: Guid format shader working directory is 9 characters bigger than the processId version (C:/Users/kch/Desktop/team555/team_5/Intermediate/Shaders/WorkingDirectory/9660/).
[2021.10.03-11.09.07:752][  0]LogShaderCompilers: Cleaned the shader compiler working directory 'C:/Users/kch/AppData/Local/Temp/UnrealShaderWorkingDir/FE6DD5AA4C972950B2B89B9C80CE2464/'.
[2021.10.03-11.09.07:768][  0]LogXGEController: Cannot use XGE Controller as Incredibuild is not installed on this machine.
[2021.10.03-11.09.07:769][  0]LogShaderCompilers: Cannot use XGE Shader Compiler as Incredibuild is not installed on this machine.
[2021.10.03-11.09.07:769][  0]LogShaderCompilers: Display: Using Local Shader Compiler.
[2021.10.03-11.09.10:764][  0]LogDerivedDataCache: Display: Max Cache Size: 512 MB
[2021.10.03-11.09.11:000][  0]LogDerivedDataCache: Loaded boot cache 0.24s 96MB C:/Users/kch/AppData/Local/UnrealEngine/4.27/DerivedDataCache/Boot.ddc.
[2021.10.03-11.09.11:000][  0]LogDerivedDataCache: Display: Loaded Boot cache: C:/Users/kch/AppData/Local/UnrealEngine/4.27/DerivedDataCache/Boot.ddc
[2021.10.03-11.09.11:000][  0]LogDerivedDataCache: FDerivedDataBackendGraph:  Pak pak cache file C:/Users/kch/Desktop/team555/team_5/DerivedDataCache/DDC.ddp not found, will not use a pak cache.
[2021.10.03-11.09.11:000][  0]LogDerivedDataCache: Unable to find inner node Pak for hierarchical cache Hierarchy.
[2021.10.03-11.09.11:000][  0]LogDerivedDataCache: FDerivedDataBackendGraph:  CompressedPak pak cache file C:/Users/kch/Desktop/team555/team_5/DerivedDataCache/Compressed.ddp not found, will not use a pak cache.
[2021.10.03-11.09.11:000][  0]LogDerivedDataCache: Unable to find inner node CompressedPak for hierarchical cache Hierarchy.
[2021.10.03-11.09.11:110][  0]LogDerivedDataCache: Display: Pak cache opened for reading ../../../Engine/DerivedDataCache/Compressed.ddp.
[2021.10.03-11.09.11:110][  0]LogDerivedDataCache: FDerivedDataBackendGraph:  EnterprisePak pak cache file ../../../Enterprise/DerivedDataCache/Compressed.ddp not found, will not use a pak cache.
[2021.10.03-11.09.11:111][  0]LogDerivedDataCache: Unable to find inner node EnterprisePak for hierarchical cache Hierarchy.
[2021.10.03-11.09.11:143][  0]LogDerivedDataCache: Speed tests for C:/Users/kch/AppData/Local/UnrealEngine/Common/DerivedDataCache took 0.03 seconds
[2021.10.03-11.09.11:143][  0]LogDerivedDataCache: Display: Performance to C:/Users/kch/AppData/Local/UnrealEngine/Common/DerivedDataCache: Latency=0.26ms. RandomReadSpeed=44.98MBs, RandomWriteSpeed=114.36MBs. Assigned SpeedClass 'Local'
[2021.10.03-11.09.11:143][  0]LogDerivedDataCache: Using Local data cache path C:/Users/kch/AppData/Local/UnrealEngine/Common/DerivedDataCache: Writable
[2021.10.03-11.09.11:143][  0]LogDerivedDataCache: Shared data cache path not found in *engine.ini, will not use an Shared cache.
[2021.10.03-11.09.11:143][  0]LogDerivedDataCache: Unable to find inner node Shared for hierarchical cache Hierarchy.
[2021.10.03-11.09.11:276][  0]LogSlate: Using FreeType 2.10.0
[2021.10.03-11.09.11:345][  0]LogSlate: SlateFontServices - WITH_FREETYPE: 1, WITH_HARFBUZZ: 1
[2021.10.03-11.09.11:781][  0]LogAssetRegistry: FAssetRegistry took 0.0302 seconds to start up
[2021.10.03-11.09.14:205][  0]LogInit: Selected Device Profile: [Windows]
[2021.10.03-11.09.14:205][  0]LogInit: Active device profile: [000001671CE86D00][0000016718C44400 49] Windows
[2021.10.03-11.09.14:205][  0]LogInit: Profiles: [000001671CE86D00][0000016718C44400 49] Windows, [000001671CE2E800][0000016718C48540 49] WindowsNoEditor, [000001671CE85100][0000016718AAC680 49] WindowsServer, [000001671CE2E900][0000016718AB07C0 49] WindowsClient, [000001671CE86800][0000016718AB4900 49] IOS, [000001671CE85200][0000016718ABCA80 49] iPadAir, [000001671CE16100][0000016718AC0C00 49] iPadAir2, [000001671CDD4D00][0000016718AC8EC0 49] IPadPro, [000001671CDD4E00][0000016718AC4F00 49] iPadAir3, [000001671CE14600][0000016718ACD080 49] iPadAir4, [000001671CDD4200][000001670F6BB200 49] iPadMini2, [000001671CE17800][000001670F6BF380 49] iPadMini3, [000001671CDD6E00][000001670F6C3500 49] iPadMini4, [000001671CE16000][000001670F6C7680 49] iPadMini5, [000001671CE2FD00][000001670F6CF940 49] iPhone6, [000001671CE2FC00][000001670F6CB980 49] iPodTouch6, [000001671CDD4900][000001670F6D60C0 49] iPhone7, [000001671CDD7600][000001670F6D2100 49] iPodTouch7, [000001671CE2D600][000001670F6DA280 49] iPhone5S, [000001671CDD5600][000001670F6DE400 49] iPhone6Plus, [000001671CE2F400][000001670F6E2580 49] iPhone6S, [000001671CDD5400][000001670F6E6700 49] iPhone6SPlus, [000001671CE2E300][0000016718AB8840 49] iPhone7Plus, [000001671CDD6100][000001670F6EA980 49] iPhoneSE, [000001671CE2E500][000001670F6EEAC0 49] iPhone8, [000001671CDD4B00][000001671A968C40 49] iPhone8Plus, [000001671CE2C900][000001671A96CDC0 49] iPhoneX, [000001671CDD6800][000001671A970F40 49] iPhoneXS, [000001671CE2C200][000001671A9750C0 49] iPhoneXSMax, [000001671CDD4100][000001671A979240 49] iPhoneXR, [000001671CE2F500][000001671A97D3C0 49] iPhone11, [000001671CDD7100][000001671A981540 49] iPhone11Pro, [000001671CE2F900][000001671A9856C0 49] iPhone11ProMax, [000001671CDD7D00][000001671A989840 49] iPhoneSE2, [000001671CE2FB00][000001671A98D9C0 49] iPhone12Mini, [000001671CDD6F00][000001671A991B40 49] iPhone12, [000001671CE2CD00][000001671A994140 49] iPhone12Pro, [000001671CDD6900][000001671A9982C0 49] iPhone12ProMax, [000001671CE2C400][000001671A99C440 49] iPadPro105, [000001671CDD6500][000001671A9A05C0 49] iPadPro129, [000001671CE2C100][000001671A9A4740 49] iPadPro97, [000001671CDD6700][000001671A9A88C0 49] iPadPro2_129, [000001671CE2C600][000001670F6F2A00 49] iPad5, [000001671CDD6C00][000001671A9ACB40 49] iPad6, [000001671CE2CE00][000001671A9B0C80 49] iPad7, [000001671CDD5500][000001671A9B4DC0 49] iPad8, [000001671CE2F700][000001671A9BCF40 49] iPadPro11, [000001671CDD7C00][000001671A9C10C0 49] iPadPro2_11, [000001671CE2F200][000001671A9C5240 49] iPadPro3_129, [000001671CDD6200][000001671A9C93C0 49] iPadPro4_129, [000001671CE2DF00][000001671A9CD540 49] AppleTV, [000001671CDD5A00][000001671A9D16C0 49] AppleTV4K, [000001671CE2DA00][000001671A9D5840 49] TVOS, [000001671CDD4F00][000001671A9D99C0 49] Mac, [000001671CE2E200][000001671A9DDB40 49] MacClient, [000001671CDD5700][000001671A9E0140 49] MacNoEditor, [000001671CE2FE00][000001671A9E42C0 49] MacServer, [000001671CDD7400][000001671A9E8440 49] Linux, [000001671CE2EB00][000001671A9EC5C0 49] LinuxAArch64, [000001671CDD7200][000001671A9F0740 49] LinuxNoEditor, [000001671CE2F000][000001671A9F48C0 49] LinuxAArch64NoEditor, [000001671CDD5E00][000001671A9F8A40 49] LinuxClient, [000001671CE2F600][000001671A9B8B80 49] LinuxAArch64Client, [000001671CDD4300][000001671A9FCCC0 49] LinuxServer, [000001671CE2D200][000001671AA00E00 49] LinuxAArch64Server, [000001671CDD6000][000001671AA04F40 49] Android, [000001671CE14200][000001671AA0D0C0 49] Android_Low, [000001671CE85E00][000001671AA11240 49] Android_Mid, [000001671CE17000][000001671AA153C0 49] Android_High, [000001671CE86900][000001671AA19540 49] Android_Default, [000001671CE15700][000001671AA1D6C0 49] Android_Adreno4xx, [000001671CE84700][000001671AA21840 49] Android_Adreno5xx_Low, [000001671CE14D00][000001671AA259C0 49] Android_Adreno5xx, [000001671CE85300][000001671AA29B40 49] Android_Adreno6xx, [000001671CE15000][000001671AA2C140 49] Android_Adreno6xx_Vulkan, [000001671CE84100][000001671AA302C0 49] Android_Mali_T6xx, [000001671CE16E00][000001671AA34440 49] Android_Mali_T7xx, [000001671CE86500][000001671AA385C0 49] Android_Mali_T8xx, [000001671CE17E00][000001671AA3C740 49] Android_Mali_G71, [000001671CE87000][000001671AA408C0 49] Android_Mali_G72, [000001671CE17500][000001671AA44A40 49] Android_Mali_G72_Vulkan, [000001671CE84B00][000001671AA6ABC0 49] Android_Mali_G76, [000001671CE14C00][000001671AA6ED40 49] Android_Mali_G76_Vulkan, [000001671CE86B00][000001671AA08E80 49] Android_Mali_G77, [000001671CE15600][000001671AA72FC0 49] Android_Mali_G77_Vulkan, [000001671CE86100][000001671AA77100 49] Android_Mali_G78, [000001671CE17600][000001671AA7F280 49] Android_Mali_G78_Vulkan, [000001671CE85600][000001671AA83400 49] Android_Mali_G710, [000001671CE14F00][000001671AA87580 49] Android_Mali_G710_Vulkan, [000001671CE85700][000001671AA8B700 49] Android_Vulkan_SM5, [000001671CE16600][000001671AA8F880 49] Android_PowerVR_G6xxx, [000001671CE84600][000001671AA93A00 49] Android_PowerVR_GT7xxx, [000001671CE16500][000001671AA97B80 49] Android_PowerVR_GE8xxx, [000001671CE86C00][000001671AA9A180 49] Android_PowerVR_GM9xxx, [000001671CDD7300][000001671AA9E300 49] Android_PowerVR_GM9xxx_Vulkan, [000001671CE85C00][000001671DAC0480 49] Android_TegraK1, [000001671CDD4800][000001671DAC4600 49] Android_Unknown_Vulkan, [000001671CE84900][000001671DAC8780 49] Lumin, [000001671CDD5000][000001671DACC900 49] Lumin_Desktop, [000001671CE87200][000001671DAD0A80 49] HoloLens, 
[2021.10.03-11.09.15:071][  0]LogMeshReduction: Using QuadricMeshReduction for automatic static mesh reduction
[2021.10.03-11.09.15:071][  0]LogMeshReduction: Using SimplygonMeshReduction for automatic skeletal mesh reduction
[2021.10.03-11.09.15:071][  0]LogMeshReduction: Using ProxyLODMeshReduction for automatic mesh merging
[2021.10.03-11.09.15:071][  0]LogMeshReduction: No distributed automatic mesh merging module available
[2021.10.03-11.09.15:071][  0]LogMeshMerging: No distributed automatic mesh merging module available
[2021.10.03-11.09.15:441][  0]LogNetVersion: team_5 1.0.0, NetCL: 17155196, EngineNetVer: 17, GameNetVer: 0 (Checksum: 282539008)
[2021.10.03-11.09.22:072][  0]LogTexture: Default maximum texture size for cubemaps generated from long-lat sources has been changed from 512 to unlimited. In order to preserve old behaiour for '/Engine/MapTemplates/Sky/DaylightAmbientCubemap.DaylightAmbientCubemap', its maximum texture size has been explicitly set to 512.
[2021.10.03-11.09.22:508][  0]LogHMD: PokeAHoleMaterial loaded successfully
[2021.10.03-11.09.22:552][  0]LogUObjectArray: 17178 objects as part of root set at end of initial load.
[2021.10.03-11.09.22:552][  0]LogUObjectAllocator: 4301856 out of 0 bytes used by permanent object pool.
[2021.10.03-11.09.22:552][  0]LogUObjectArray: CloseDisregardForGC: 0/0 objects in disregard for GC pool
[2021.10.03-11.09.25:086][  0]LogPython: Using Python 3.7.7
[2021.10.03-11.09.26:629][  0]LogNiagaraDebuggerClient: Niagara Debugger Client Initialized | Session: 0AD6731749A7CA5595A0199596A0D06F | Instance: 5012FD504DB8730A65F2C59651142761 (DESKTOP-L0QE7EB-9660).
[2021.10.03-11.09.27:534][  0]LogStreaming: Warning: Failed to read file '../../../Engine/Content/Editor/Slate/Niagara/MenuSeparator.png' error.
[2021.10.03-11.09.27:534][  0]LogSlate: Could not find file for Slate resource: ../../../Engine/Content/Editor/Slate/Niagara/MenuSeparator.png
[2021.10.03-11.09.27:534][  0]LogStreaming: Warning: Failed to read file '../../../Engine/Content/Editor/Slate/Niagara/Common/Selector.png' error.
[2021.10.03-11.09.27:534][  0]LogSlate: Could not find file for Slate resource: ../../../Engine/Content/Editor/Slate/Niagara/Common/Selector.png
[2021.10.03-11.09.27:534][  0]LogStreaming: Warning: Failed to read file '../../../Engine/Content/Editor/Slate/Niagara/Common/Selection.png' error.
[2021.10.03-11.09.27:534][  0]LogSlate: Could not find file for Slate resource: ../../../Engine/Content/Editor/Slate/Niagara/Common/Selection.png
[2021.10.03-11.09.27:534][  0]LogStreaming: Warning: Failed to read file '../../../Engine/Content/Editor/Slate/Niagara/Common/DropZoneIndicator_Above.png' error.
[2021.10.03-11.09.27:534][  0]LogSlate: Could not find file for Slate resource: ../../../Engine/Content/Editor/Slate/Niagara/Common/DropZoneIndicator_Above.png
[2021.10.03-11.09.27:534][  0]LogStreaming: Warning: Failed to read file '../../../Engine/Content/Editor/Slate/Niagara/Common/DropZoneIndicator_Onto.png' error.
[2021.10.03-11.09.27:534][  0]LogSlate: Could not find file for Slate resource: ../../../Engine/Content/Editor/Slate/Niagara/Common/DropZoneIndicator_Onto.png
[2021.10.03-11.09.27:534][  0]LogStreaming: Warning: Failed to read file '../../../Engine/Content/Editor/Slate/Niagara/Common/DropZoneIndicator_Below.png' error.
[2021.10.03-11.09.27:534][  0]LogSlate: Could not find file for Slate resource: ../../../Engine/Content/Editor/Slate/Niagara/Common/DropZoneIndicator_Below.png
[2021.10.03-11.09.27:534][  0]LogStreaming: Warning: Failed to read file '../../../Engine/Content/Editor/Slate/Niagara/Common/RoundedSelection_16x.png' error.
[2021.10.03-11.09.27:534][  0]LogSlate: Could not find file for Slate resource: ../../../Engine/Content/Editor/Slate/Niagara/Common/RoundedSelection_16x.png
[2021.10.03-11.09.27:534][  0]LogStreaming: Warning: Failed to read file '../../../Engine/Content/Editor/Slate/Niagara/Common/FlatButton.png' error.
[2021.10.03-11.09.27:534][  0]LogSlate: Could not find file for Slate resource: ../../../Engine/Content/Editor/Slate/Niagara/Common/FlatButton.png
[2021.10.03-11.09.27:534][  0]LogImageWrapper: Warning: PNG Warning: Duplicate iCCP chunk
[2021.10.03-11.09.27:534][  0]LogImageWrapper: Warning: PNG Warning: Duplicate iCCP chunk
[2021.10.03-11.09.27:761][  0]LogTcpMessaging: Initializing TcpMessaging bridge
[2021.10.03-11.09.27:784][  0]LogUdpMessaging: Initializing bridge on interface 0.0.0.0:0 to multicast group 230.0.0.1:6666.
[2021.10.03-11.09.28:834][  0]SourceControl: Source control is disabled
[2021.10.03-11.09.28:834][  0]SourceControl: Source control is disabled
[2021.10.03-11.09.28:931][  0]SourceControl: Source control is disabled
[2021.10.03-11.09.28:967][  0]SourceControl: Source control is disabled
[2021.10.03-11.09.29:009][  0]SourceControl: Source control is disabled
[2021.10.03-11.09.29:033][  0]LogUProjectInfo: Found projects:
[2021.10.03-11.09.30:404][  0]LogOpenImageDenoise: OIDN starting up
[2021.10.03-11.09.30:777][  0]LogAndroidPermission: UAndroidPermissionCallbackProxy::GetInstance
[2021.10.03-11.09.30:843][  0]LogAudioCaptureCore: Display: No Audio Capture implementations found. Audio input will be silent.
[2021.10.03-11.09.30:843][  0]LogAudioCaptureCore: Display: No Audio Capture implementations found. Audio input will be silent.
[2021.10.03-11.09.31:688][  0]LogCollectionManager: Loaded 0 collections in 0.000864 seconds
[2021.10.03-11.09.31:768][  0]LogFileCache: Scanning file cache for directory 'C:/Users/kch/Desktop/team555/team_5/Saved/Collections/' took 0.00s
[2021.10.03-11.09.31:768][  0]LogFileCache: Scanning file cache for directory 'C:/Users/kch/Desktop/team555/team_5/Content/Developers/kch/Collections/' took 0.00s
[2021.10.03-11.09.31:768][  0]LogFileCache: Scanning file cache for directory 'C:/Users/kch/Desktop/team555/team_5/Content/Collections/' took 0.00s
[2021.10.03-11.09.31:768][  0]LogOcInput: OculusInput pre-init called
[2021.10.03-11.09.32:953][  0]LogStreaming: Warning: Failed to read file '../../../Engine/Content/Editor/Slate/Niagara/MenuSeparator.png' error.
[2021.10.03-11.09.32:953][  0]LogSlate: Could not find file for Slate resource: ../../../Engine/Content/Editor/Slate/Niagara/MenuSeparator.png
[2021.10.03-11.09.32:953][  0]LogStreaming: Warning: Failed to read file '../../../Engine/Content/Editor/Slate/Niagara/Common/Selector.png' error.
[2021.10.03-11.09.32:953][  0]LogSlate: Could not find file for Slate resource: ../../../Engine/Content/Editor/Slate/Niagara/Common/Selector.png
[2021.10.03-11.09.32:953][  0]LogStreaming: Warning: Failed to read file '../../../Engine/Content/Editor/Slate/Niagara/Common/Selection.png' error.
[2021.10.03-11.09.32:953][  0]LogSlate: Could not find file for Slate resource: ../../../Engine/Content/Editor/Slate/Niagara/Common/Selection.png
[2021.10.03-11.09.32:953][  0]LogStreaming: Warning: Failed to read file '../../../Engine/Content/Editor/Slate/Niagara/Common/DropZoneIndicator_Above.png' error.
[2021.10.03-11.09.32:953][  0]LogSlate: Could not find file for Slate resource: ../../../Engine/Content/Editor/Slate/Niagara/Common/DropZoneIndicator_Above.png
[2021.10.03-11.09.32:953][  0]LogStreaming: Warning: Failed to read file '../../../Engine/Content/Editor/Slate/Niagara/Common/DropZoneIndicator_Onto.png' error.
[2021.10.03-11.09.32:953][  0]LogSlate: Could not find file for Slate resource: ../../../Engine/Content/Editor/Slate/Niagara/Common/DropZoneIndicator_Onto.png
[2021.10.03-11.09.32:953][  0]LogStreaming: Warning: Failed to read file '../../../Engine/Content/Editor/Slate/Niagara/Common/DropZoneIndicator_Below.png' error.
[2021.10.03-11.09.32:953][  0]LogSlate: Could not find file for Slate resource: ../../../Engine/Content/Editor/Slate/Niagara/Common/DropZoneIndicator_Below.png
[2021.10.03-11.09.32:953][  0]LogStreaming: Warning: Failed to read file '../../../Engine/Content/Editor/Slate/Niagara/Common/RoundedSelection_16x.png' error.
[2021.10.03-11.09.32:953][  0]LogSlate: Could not find file for Slate resource: ../../../Engine/Content/Editor/Slate/Niagara/Common/RoundedSelection_16x.png
[2021.10.03-11.09.32:953][  0]LogStreaming: Warning: Failed to read file '../../../Engine/Content/Editor/Slate/Niagara/Common/FlatButton.png' error.
[2021.10.03-11.09.32:953][  0]LogSlate: Could not find file for Slate resource: ../../../Engine/Content/Editor/Slate/Niagara/Common/FlatButton.png
[2021.10.03-11.09.32:953][  0]LogImageWrapper: Warning: PNG Warning: Duplicate iCCP chunk
[2021.10.03-11.09.32:953][  0]LogImageWrapper: Warning: PNG Warning: Duplicate iCCP chunk
[2021.10.03-11.09.32:953][  0]LogEngine: Initializing Engine...
[2021.10.03-11.09.32:992][  0]LogHMD: Failed to enumerate extensions. Please check that you have a valid OpenXR runtime installed.
[2021.10.03-11.09.32:993][  0]LogHMD: Failed to initialize OpenVR with code 110
[2021.10.03-11.09.32:993][  0]LogMagicLeap: Warning: VR disabled because ZI is not enabled.  To enable, in the editor, Edit -> Project Settings -> Plugins -> Magic Leap Plugin -> Enable Zero Iteration
[2021.10.03-11.09.33:048][  0]LogStats: UGameplayTagsManager::InitializeManager -  0.010 s
[2021.10.03-11.09.33:469][  0]LogInit: Initializing FReadOnlyCVARCache
[2021.10.03-11.09.33:758][  0]LogAIModule: Creating AISystem for world Untitled
[2021.10.03-11.09.33:778][  0]LogAudio: Display: Initializing Audio Device Manager...
[2021.10.03-11.09.33:791][  0]LogAudio: Display: Loading Default Audio Settings Objects...
[2021.10.03-11.09.33:823][  0]LogAudio: Display: No default SoundConcurrencyObject specified (or failed to load).
[2021.10.03-11.09.33:839][  0]LogAudio: Display: Audio Device Manager Initialized
[2021.10.03-11.09.33:839][  0]LogAudio: Display: Creating Audio Device:                 Id: 1, Scope: Shared, Realtime: True
[2021.10.03-11.09.33:854][  0]LogAudioMixer: Display: Audio Mixer Platform Settings:
[2021.10.03-11.09.33:854][  0]LogAudioMixer: Display: 	Sample Rate:						  48000
[2021.10.03-11.09.33:854][  0]LogAudioMixer: Display: 	Callback Buffer Frame Size Requested: 1024
[2021.10.03-11.09.33:854][  0]LogAudioMixer: Display: 	Callback Buffer Frame Size To Use:	  1024
[2021.10.03-11.09.33:854][  0]LogAudioMixer: Display: 	Number of buffers to queue:			  2
[2021.10.03-11.09.33:854][  0]LogAudioMixer: Display: 	Max Channels (voices):				  32
[2021.10.03-11.09.33:854][  0]LogAudioMixer: Display: 	Number of Async Source Workers:		  0
[2021.10.03-11.09.33:862][  0]LogAudio: Display: AudioDevice MaxSources: 32
[2021.10.03-11.09.33:865][  0]LogAudio: Display: Audio Spatialization Plugin: None (built-in).
[2021.10.03-11.09.33:865][  0]LogAudio: Display: Audio Reverb Plugin: None (built-in).
[2021.10.03-11.09.33:865][  0]LogAudio: Display: Audio Occlusion Plugin: None (built-in).
[2021.10.03-11.09.33:865][  0]LogAudioMixer: Display: Initializing audio mixer.
[2021.10.03-11.09.33:931][  0]LogAudioMixer: Display: 0: FrontLeft
[2021.10.03-11.09.33:931][  0]LogAudioMixer: Display: 1: FrontRight
[2021.10.03-11.09.34:006][  0]LogAudioMixer: Display: Using Audio Device 스피커(Realtek(R) Audio)
[2021.10.03-11.09.34:037][  0]LogAudioMixer: Display: Initializing Sound Submixes...
[2021.10.03-11.09.34:047][  0]LogAudioMixer: Display: Creating Master Submix 'MasterSubmixDefault'
[2021.10.03-11.09.34:048][  0]LogAudioMixer: Display: Creating Master Submix 'MasterReverbSubmixDefault'
[2021.10.03-11.09.34:053][  0]LogAudioMixer: Display: Creating Master Submix 'MasterEQSubmixDefault'
[2021.10.03-11.09.34:054][  0]LogAudioMixer: FMixerPlatformXAudio2::StartAudioStream() called
[2021.10.03-11.09.34:054][  0]LogAudioMixer: Display: Output buffers initialized: Frames=1024, Channels=2, Samples=2048
[2021.10.03-11.09.34:055][  0]LogAudioMixer: Display: Starting AudioMixerPlatformInterface::RunInternal()
[2021.10.03-11.09.34:055][  0]LogAudioMixer: Display: FMixerPlatformXAudio2::SubmitBuffer() called for the first time
[2021.10.03-11.09.34:055][  0]LogInit: FAudioDevice initialized.
[2021.10.03-11.09.34:056][  0]LogAudio: Display: Audio Device (ID: 1) registered with world 'Untitled'.
[2021.10.03-11.09.34:056][  0]LogNetVersion: Set ProjectVersion to 1.0.0.0. Version Checksum will be recalculated on next use.
[2021.10.03-11.09.34:141][  0]LogDerivedDataCache: Saved boot cache 0.09s 96MB C:/Users/kch/AppData/Local/UnrealEngine/4.27/DerivedDataCache/Boot.ddc.
[2021.10.03-11.09.34:142][  0]LogInit: Texture streaming: Enabled
[2021.10.03-11.09.34:223][  0]LogAnalytics: Display: [UEEditor.Rocket.Release] APIServer = https://datarouter.ol.epicgames.com/. AppVersion = 4.27.0-17155196+++UE4+Release-4.27
[2021.10.03-11.09.34:237][  0]LogEngineSessionManager: EngineSessionManager initialized
[2021.10.03-11.09.34:242][  0]LogEditorSessionSummary: Verbose: Initializing EditorSessionSummaryWriter for editor session tracking
[2021.10.03-11.09.34:257][  0]LogEditorSessionSummary: EditorSessionSummaryWriter initialized
[2021.10.03-11.09.34:406][  0]LogInit: Transaction tracking system initialized
[2021.10.03-11.09.34:607][  0]BlueprintLog: New page: Editor Load
[2021.10.03-11.09.35:221][  0]LocalizationService: Localization service is disabled
[2021.10.03-11.09.35:517][  0]TimingProfiler: Initialize
[2021.10.03-11.09.35:519][  0]TimingProfiler: OnSessionChanged
[2021.10.03-11.09.35:519][  0]LoadingProfiler: Initialize
[2021.10.03-11.09.35:519][  0]LoadingProfiler: OnSessionChanged
[2021.10.03-11.09.35:519][  0]NetworkingProfiler: Initialize
[2021.10.03-11.09.35:519][  0]NetworkingProfiler: OnSessionChanged
[2021.10.03-11.09.35:519][  0]MemoryProfiler: Initialize
[2021.10.03-11.09.35:519][  0]MemoryProfiler: OnSessionChanged
[2021.10.03-11.09.36:690][  0]LogFileCache: Scanning file cache for directory 'C:/Users/kch/Desktop/team555/team_5/Content/' took 0.04s
[2021.10.03-11.09.36:690][  0]LogCook: Display: CookSettings for Memory: MemoryMaxUsedVirtual 0MiB, MemoryMaxUsedPhysical 16384MiB, MemoryMinFreeVirtual 0MiB, MemoryMinFreePhysical 1024MiB
[2021.10.03-11.09.36:690][  0]LogCook: Display: Mobile HDR setting 1
[2021.10.03-11.09.38:330][  0]LogStreaming: Warning: Failed to read file '../../../Engine/Content/Editor/Slate/Niagara/MenuSeparator.png' error.
[2021.10.03-11.09.38:330][  0]LogSlate: Could not find file for Slate resource: ../../../Engine/Content/Editor/Slate/Niagara/MenuSeparator.png
[2021.10.03-11.09.38:330][  0]LogStreaming: Warning: Failed to read file '../../../Engine/Content/Editor/Slate/Niagara/Common/Selector.png' error.
[2021.10.03-11.09.38:330][  0]LogSlate: Could not find file for Slate resource: ../../../Engine/Content/Editor/Slate/Niagara/Common/Selector.png
[2021.10.03-11.09.38:330][  0]LogStreaming: Warning: Failed to read file '../../../Engine/Content/Editor/Slate/Niagara/Common/Selection.png' error.
[2021.10.03-11.09.38:330][  0]LogSlate: Could not find file for Slate resource: ../../../Engine/Content/Editor/Slate/Niagara/Common/Selection.png
[2021.10.03-11.09.38:330][  0]LogStreaming: Warning: Failed to read file '../../../Engine/Content/Editor/Slate/Niagara/Common/DropZoneIndicator_Above.png' error.
[2021.10.03-11.09.38:330][  0]LogSlate: Could not find file for Slate resource: ../../../Engine/Content/Editor/Slate/Niagara/Common/DropZoneIndicator_Above.png
[2021.10.03-11.09.38:330][  0]LogStreaming: Warning: Failed to read file '../../../Engine/Content/Editor/Slate/Niagara/Common/DropZoneIndicator_Onto.png' error.
[2021.10.03-11.09.38:331][  0]LogSlate: Could not find file for Slate resource: ../../../Engine/Content/Editor/Slate/Niagara/Common/DropZoneIndicator_Onto.png
[2021.10.03-11.09.38:331][  0]LogImageWrapper: Warning: PNG Warning: Duplicate iCCP chunk
[2021.10.03-11.09.38:331][  0]LogStreaming: Warning: Failed to read file '../../../Engine/Content/Editor/Slate/Niagara/Common/DropZoneIndicator_Below.png' error.
[2021.10.03-11.09.38:331][  0]LogSlate: Could not find file for Slate resource: ../../../Engine/Content/Editor/Slate/Niagara/Common/DropZoneIndicator_Below.png
[2021.10.03-11.09.38:331][  0]LogStreaming: Warning: Failed to read file '../../../Engine/Content/Editor/Slate/Niagara/Common/FlatButton.png' error.
[2021.10.03-11.09.38:331][  0]LogSlate: Could not find file for Slate resource: ../../../Engine/Content/Editor/Slate/Niagara/Common/FlatButton.png
[2021.10.03-11.09.38:331][  0]LogStreaming: Warning: Failed to read file '../../../Engine/Content/Editor/Slate/Niagara/Common/RoundedSelection_16x.png' error.
[2021.10.03-11.09.38:331][  0]LogImageWrapper: Warning: PNG Warning: Duplicate iCCP chunk
[2021.10.03-11.09.38:331][  0]LogSlate: Could not find file for Slate resource: ../../../Engine/Content/Editor/Slate/Niagara/Common/RoundedSelection_16x.png
[2021.10.03-11.09.38:414][  0]LogInit: Display: Engine is initialized. Leaving FEngineLoop::Init()
[2021.10.03-11.09.38:506][  0]SourceControl: Source control is disabled
[2021.10.03-11.09.38:506][  0]LogUnrealEdMisc: Loading editor; pre map load, took 47.256
[2021.10.03-11.09.38:524][  0]Cmd: MAP LOAD FILE="C:/Users/kch/Desktop/team555/team_5/Content/ThirdPersonBP/Maps/ThirdPersonExampleMap.umap" TEMPLATE=0 SHOWPROGRESS=1 FEATURELEVEL=3
[2021.10.03-11.09.38:542][  0]LightingResults: New page: Lighting Build
[2021.10.03-11.09.38:582][  0]LogWorld: UWorld::CleanupWorld for Untitled, bSessionEnded=true, bCleanupResources=true
[2021.10.03-11.09.38:591][  0]LogSlate: InvalidateAllWidgets triggered.  All widgets were invalidated
[2021.10.03-11.09.38:622][  0]MapCheck: New page: Map Check
[2021.10.03-11.09.38:622][  0]LightingResults: New page: Lighting Build
[2021.10.03-11.09.38:707][  0]LogAudio: Display: Audio Device unregistered from world 'None'.
[2021.10.03-11.09.38:763][  0]LogUObjectHash: Compacting FUObjectHashTables data took   0.74ms
[2021.10.03-11.09.39:282][  0]LogLinker: Warning: [AssetLog] C:\Users\kch\Desktop\team555\team_5\Content\ThirdPersonBP\Maps\ThirdPersonExampleMap.umap: Failed to load '/Game/ThirdPersonBP/Maps/ThirdPersonExampleMap_BuiltData': Can't find file.
[2021.10.03-11.09.39:283][  0]LogLinker: Warning: [AssetLog] C:\Users\kch\Desktop\team555\team_5\Content\ThirdPersonBP\Maps\ThirdPersonExampleMap.umap: Failed to load '/Game/ThirdPersonBP/Maps/ThirdPersonExampleMap_BuiltData': Can't find file.
[2021.10.03-11.09.39:290][  0]LogLinker: Warning: [AssetLog] C:\Users\kch\Desktop\team555\team_5\Content\ThirdPersonBP\Maps\ThirdPersonExampleMap.umap: Failed to load '/Game/ThirdPersonBP/Maps/ThirdPersonExampleMap_BuiltData': Can't find file.
[2021.10.03-11.09.39:333][  0]LogLinker: Warning: Failed to load '/Game/ThirdPersonBP/Maps/ThirdPersonExampleMap_BuiltData': Can't find file.
[2021.10.03-11.09.39:333][  0]LogLinker: Warning: Failed to load '/Game/ThirdPersonBP/Maps/ThirdPersonExampleMap_BuiltData': Can't find file.
[2021.10.03-11.09.39:465][  0]LogLinker: Warning: [AssetLog] C:\Users\kch\Desktop\team555\team_5\Content\ThirdPersonBP\Maps\ThirdPersonExampleMap.umap: Failed to load '/Game/ThirdPersonBP/Maps/ThirdPersonExampleMap_BuiltData': Can't find file.
[2021.10.03-11.09.39:465][  0]LoadErrors: Failed to load /Game/ThirdPersonBP/Maps/ThirdPersonExampleMap_BuiltData.ThirdPersonExampleMap_BuiltData Referenced by PersistentLevel
[2021.10.03-11.09.40:000][  0]LogAudio: Display: Audio Device (ID: 1) registered with world 'ThirdPersonExampleMap'.
[2021.10.03-11.09.40:001][  0]LogAIModule: Creating AISystem for world ThirdPersonExampleMap
[2021.10.03-11.09.40:404][  0]LogEditorServer: Finished looking for orphan Actors (0.000 secs)
[2021.10.03-11.09.40:475][  0]LogUObjectHash: Compacting FUObjectHashTables data took   0.99ms
[2021.10.03-11.09.40:492][  0]Cmd: MAP CHECKDEP NOCLEARLOG
[2021.10.03-11.09.40:497][  0]MapCheck: Map check complete: 0 Error(s), 0 Warning(s), took 4.834ms to complete.
[2021.10.03-11.09.40:497][  0]LogFileHelpers: Loading map 'ThirdPersonExampleMap' took 1.979
[2021.10.03-11.09.40:843][  0]LogUnrealEdMisc: Total Editor Startup Time, took 49.594
[2021.10.03-11.09.41:406][  0]LogSlate: Updating window title bar state: overlay mode, drag disabled, window buttons hidden, title bar hidden
[2021.10.03-11.09.41:424][  0]LogSlate: Updating window title bar state: overlay mode, drag disabled, window buttons hidden, title bar hidden
[2021.10.03-11.09.41:434][  0]LogSlate: Updating window title bar state: overlay mode, drag disabled, window buttons hidden, title bar hidden
[2021.10.03-11.09.41:441][  0]LogSlate: Updating window title bar state: overlay mode, drag disabled, window buttons hidden, title bar hidden
[2021.10.03-11.09.41:574][  0]LogNativeClassHierarchy: Verbose: Native class hierarchy populated in 0.0086 seconds. Added 3822 classes and 928 folders.
[2021.10.03-11.09.41:653][  0]LogNativeClassHierarchy: Verbose: Native class hierarchy updated for 'WidgetCarousel' in 0.0003 seconds. Added 0 classes and 0 folders.
[2021.10.03-11.09.41:735][  0]LogPakFile: PakFile PrimaryIndexSize=187
[2021.10.03-11.09.41:735][  0]LogPakFile: PakFile PathHashIndexSize=101
[2021.10.03-11.09.41:735][  0]LogPakFile: PakFile FullDirectoryIndexSize=148
[2021.10.03-11.09.41:742][  0]LogShaderLibrary: Display: ShaderCodeLibraryPakFileMountedCallback: PakFile 'D:/UE_4.27/FeaturePacks/FP_FirstPerson.upack' (chunk index -1, root 'root:/') mounted
[2021.10.03-11.09.41:742][  0]LogShaderLibrary: Display: ShaderCodeLibraryPakFileMountedCallback: pending pak file info (ChunkID:-1 Root:root:/ File:D:/UE_4.27/FeaturePacks/FP_FirstPerson.upack)
[2021.10.03-11.09.41:742][  0]LogPakFile: OnPakFileMounted2Time == 0.006498
[2021.10.03-11.09.41:771][  0]LogPakFile: PakFile PrimaryIndexSize=189
[2021.10.03-11.09.41:771][  0]LogPakFile: PakFile PathHashIndexSize=101
[2021.10.03-11.09.41:771][  0]LogPakFile: PakFile FullDirectoryIndexSize=152
[2021.10.03-11.09.41:771][  0]LogShaderLibrary: Display: ShaderCodeLibraryPakFileMountedCallback: PakFile 'D:/UE_4.27/FeaturePacks/FP_FirstPersonBP.upack' (chunk index -1, root 'root:/') mounted
[2021.10.03-11.09.41:771][  0]LogShaderLibrary: Display: ShaderCodeLibraryPakFileMountedCallback: pending pak file info (ChunkID:-1 Root:root:/ File:D:/UE_4.27/FeaturePacks/FP_FirstPersonBP.upack)
[2021.10.03-11.09.41:771][  0]LogPakFile: OnPakFileMounted2Time == 0.000165
[2021.10.03-11.09.41:778][  0]LogPakFile: PakFile PrimaryIndexSize=191
[2021.10.03-11.09.41:779][  0]LogPakFile: PakFile PathHashIndexSize=101
[2021.10.03-11.09.41:779][  0]LogPakFile: PakFile FullDirectoryIndexSize=160
[2021.10.03-11.09.41:779][  0]LogShaderLibrary: Display: ShaderCodeLibraryPakFileMountedCallback: PakFile 'D:/UE_4.27/FeaturePacks/MobileStarterContent.upack' (chunk index -1, root 'root:/') mounted
[2021.10.03-11.09.41:779][  0]LogShaderLibrary: Display: ShaderCodeLibraryPakFileMountedCallback: pending pak file info (ChunkID:-1 Root:root:/ File:D:/UE_4.27/FeaturePacks/MobileStarterContent.upack)
[2021.10.03-11.09.41:779][  0]LogPakFile: OnPakFileMounted2Time == 0.000163
[2021.10.03-11.09.41:786][  0]LogPakFile: PakFile PrimaryIndexSize=185
[2021.10.03-11.09.41:786][  0]LogPakFile: PakFile PathHashIndexSize=101
[2021.10.03-11.09.41:786][  0]LogPakFile: PakFile FullDirectoryIndexSize=148
[2021.10.03-11.09.41:786][  0]LogShaderLibrary: Display: ShaderCodeLibraryPakFileMountedCallback: PakFile 'D:/UE_4.27/FeaturePacks/StarterContent.upack' (chunk index -1, root 'root:/') mounted
[2021.10.03-11.09.41:786][  0]LogShaderLibrary: Display: ShaderCodeLibraryPakFileMountedCallback: pending pak file info (ChunkID:-1 Root:root:/ File:D:/UE_4.27/FeaturePacks/StarterContent.upack)
[2021.10.03-11.09.41:787][  0]LogPakFile: OnPakFileMounted2Time == 0.000155
[2021.10.03-11.09.41:795][  0]LogPakFile: PakFile PrimaryIndexSize=190
[2021.10.03-11.09.41:795][  0]LogPakFile: PakFile PathHashIndexSize=101
[2021.10.03-11.09.41:795][  0]LogPakFile: PakFile FullDirectoryIndexSize=154
[2021.10.03-11.09.41:795][  0]LogShaderLibrary: Display: ShaderCodeLibraryPakFileMountedCallback: PakFile 'D:/UE_4.27/FeaturePacks/TP_2DSideScroller.upack' (chunk index -1, root 'root:/') mounted
[2021.10.03-11.09.41:796][  0]LogShaderLibrary: Display: ShaderCodeLibraryPakFileMountedCallback: pending pak file info (ChunkID:-1 Root:root:/ File:D:/UE_4.27/FeaturePacks/TP_2DSideScroller.upack)
[2021.10.03-11.09.41:796][  0]LogPakFile: OnPakFileMounted2Time == 0.000151
[2021.10.03-11.09.41:804][  0]LogPakFile: PakFile PrimaryIndexSize=192
[2021.10.03-11.09.41:804][  0]LogPakFile: PakFile PathHashIndexSize=101
[2021.10.03-11.09.41:804][  0]LogPakFile: PakFile FullDirectoryIndexSize=158
[2021.10.03-11.09.41:804][  0]LogShaderLibrary: Display: ShaderCodeLibraryPakFileMountedCallback: PakFile 'D:/UE_4.27/FeaturePacks/TP_2DSideScrollerBP.upack' (chunk index -1, root 'root:/') mounted
[2021.10.03-11.09.41:804][  0]LogShaderLibrary: Display: ShaderCodeLibraryPakFileMountedCallback: pending pak file info (ChunkID:-1 Root:root:/ File:D:/UE_4.27/FeaturePacks/TP_2DSideScrollerBP.upack)
[2021.10.03-11.09.41:804][  0]LogPakFile: OnPakFileMounted2Time == 0.000106
[2021.10.03-11.09.41:810][  0]LogPakFile: PakFile PrimaryIndexSize=182
[2021.10.03-11.09.41:810][  0]LogPakFile: PakFile PathHashIndexSize=101
[2021.10.03-11.09.41:810][  0]LogPakFile: PakFile FullDirectoryIndexSize=138
[2021.10.03-11.09.41:810][  0]LogShaderLibrary: Display: ShaderCodeLibraryPakFileMountedCallback: PakFile 'D:/UE_4.27/FeaturePacks/TP_Flying.upack' (chunk index -1, root 'root:/') mounted
[2021.10.03-11.09.41:810][  0]LogShaderLibrary: Display: ShaderCodeLibraryPakFileMountedCallback: pending pak file info (ChunkID:-1 Root:root:/ File:D:/UE_4.27/FeaturePacks/TP_Flying.upack)
[2021.10.03-11.09.41:810][  0]LogPakFile: OnPakFileMounted2Time == 0.000082
[2021.10.03-11.09.41:815][  0]LogPakFile: PakFile PrimaryIndexSize=184
[2021.10.03-11.09.41:815][  0]LogPakFile: PakFile PathHashIndexSize=101
[2021.10.03-11.09.41:815][  0]LogPakFile: PakFile FullDirectoryIndexSize=142
[2021.10.03-11.09.41:815][  0]LogShaderLibrary: Display: ShaderCodeLibraryPakFileMountedCallback: PakFile 'D:/UE_4.27/FeaturePacks/TP_FlyingBP.upack' (chunk index -1, root 'root:/') mounted
[2021.10.03-11.09.41:815][  0]LogShaderLibrary: Display: ShaderCodeLibraryPakFileMountedCallback: pending pak file info (ChunkID:-1 Root:root:/ File:D:/UE_4.27/FeaturePacks/TP_FlyingBP.upack)
[2021.10.03-11.09.41:815][  0]LogPakFile: OnPakFileMounted2Time == 0.000066
[2021.10.03-11.09.41:834][  0]LogPakFile: PakFile PrimaryIndexSize=188
[2021.10.03-11.09.41:834][  0]LogPakFile: PakFile PathHashIndexSize=101
[2021.10.03-11.09.41:834][  0]LogPakFile: PakFile FullDirectoryIndexSize=150
[2021.10.03-11.09.41:834][  0]LogShaderLibrary: Display: ShaderCodeLibraryPakFileMountedCallback: PakFile 'D:/UE_4.27/FeaturePacks/TP_HandheldARBP.upack' (chunk index -1, root 'root:/') mounted
[2021.10.03-11.09.41:834][  0]LogShaderLibrary: Display: ShaderCodeLibraryPakFileMountedCallback: pending pak file info (ChunkID:-1 Root:root:/ File:D:/UE_4.27/FeaturePacks/TP_HandheldARBP.upack)
[2021.10.03-11.09.41:834][  0]LogPakFile: OnPakFileMounted2Time == 0.000072
[2021.10.03-11.09.41:840][  0]LogPakFile: PakFile PrimaryIndexSize=182
[2021.10.03-11.09.41:840][  0]LogPakFile: PakFile PathHashIndexSize=101
[2021.10.03-11.09.41:840][  0]LogPakFile: PakFile FullDirectoryIndexSize=138
[2021.10.03-11.09.41:840][  0]LogShaderLibrary: Display: ShaderCodeLibraryPakFileMountedCallback: PakFile 'D:/UE_4.27/FeaturePacks/TP_Puzzle.upack' (chunk index -1, root 'root:/') mounted
[2021.10.03-11.09.41:840][  0]LogShaderLibrary: Display: ShaderCodeLibraryPakFileMountedCallback: pending pak file info (ChunkID:-1 Root:root:/ File:D:/UE_4.27/FeaturePacks/TP_Puzzle.upack)
[2021.10.03-11.09.41:841][  0]LogPakFile: OnPakFileMounted2Time == 0.000067
[2021.10.03-11.09.41:844][  0]LogPakFile: PakFile PrimaryIndexSize=184
[2021.10.03-11.09.41:844][  0]LogPakFile: PakFile PathHashIndexSize=101
[2021.10.03-11.09.41:844][  0]LogPakFile: PakFile FullDirectoryIndexSize=142
[2021.10.03-11.09.41:844][  0]LogShaderLibrary: Display: ShaderCodeLibraryPakFileMountedCallback: PakFile 'D:/UE_4.27/FeaturePacks/TP_PuzzleBP.upack' (chunk index -1, root 'root:/') mounted
[2021.10.03-11.09.41:844][  0]LogShaderLibrary: Display: ShaderCodeLibraryPakFileMountedCallback: pending pak file info (ChunkID:-1 Root:root:/ File:D:/UE_4.27/FeaturePacks/TP_PuzzleBP.upack)
[2021.10.03-11.09.41:844][  0]LogPakFile: OnPakFileMounted2Time == 0.000055
[2021.10.03-11.09.41:848][  0]LogPakFile: PakFile PrimaryIndexSize=183
[2021.10.03-11.09.41:848][  0]LogPakFile: PakFile PathHashIndexSize=101
[2021.10.03-11.09.41:848][  0]LogPakFile: PakFile FullDirectoryIndexSize=140
[2021.10.03-11.09.41:848][  0]LogShaderLibrary: Display: ShaderCodeLibraryPakFileMountedCallback: PakFile 'D:/UE_4.27/FeaturePacks/TP_Rolling.upack' (chunk index -1, root 'root:/') mounted
[2021.10.03-11.09.41:848][  0]LogShaderLibrary: Display: ShaderCodeLibraryPakFileMountedCallback: pending pak file info (ChunkID:-1 Root:root:/ File:D:/UE_4.27/FeaturePacks/TP_Rolling.upack)
[2021.10.03-11.09.41:848][  0]LogPakFile: OnPakFileMounted2Time == 0.000055
[2021.10.03-11.09.41:852][  0]LogPakFile: PakFile PrimaryIndexSize=185
[2021.10.03-11.09.41:852][  0]LogPakFile: PakFile PathHashIndexSize=101
[2021.10.03-11.09.41:852][  0]LogPakFile: PakFile FullDirectoryIndexSize=144
[2021.10.03-11.09.41:852][  0]LogShaderLibrary: Display: ShaderCodeLibraryPakFileMountedCallback: PakFile 'D:/UE_4.27/FeaturePacks/TP_RollingBP.upack' (chunk index -1, root 'root:/') mounted
[2021.10.03-11.09.41:852][  0]LogShaderLibrary: Display: ShaderCodeLibraryPakFileMountedCallback: pending pak file info (ChunkID:-1 Root:root:/ File:D:/UE_4.27/FeaturePacks/TP_RollingBP.upack)
[2021.10.03-11.09.41:852][  0]LogPakFile: OnPakFileMounted2Time == 0.000054
[2021.10.03-11.09.41:856][  0]LogPakFile: PakFile PrimaryIndexSize=188
[2021.10.03-11.09.41:856][  0]LogPakFile: PakFile PathHashIndexSize=101
[2021.10.03-11.09.41:856][  0]LogPakFile: PakFile FullDirectoryIndexSize=150
[2021.10.03-11.09.41:856][  0]LogShaderLibrary: Display: ShaderCodeLibraryPakFileMountedCallback: PakFile 'D:/UE_4.27/FeaturePacks/TP_SideScroller.upack' (chunk index -1, root 'root:/') mounted
[2021.10.03-11.09.41:856][  0]LogShaderLibrary: Display: ShaderCodeLibraryPakFileMountedCallback: pending pak file info (ChunkID:-1 Root:root:/ File:D:/UE_4.27/FeaturePacks/TP_SideScroller.upack)
[2021.10.03-11.09.41:856][  0]LogPakFile: OnPakFileMounted2Time == 0.000057
[2021.10.03-11.09.41:859][  0]LogPakFile: PakFile PrimaryIndexSize=190
[2021.10.03-11.09.41:859][  0]LogPakFile: PakFile PathHashIndexSize=101
[2021.10.03-11.09.41:859][  0]LogPakFile: PakFile FullDirectoryIndexSize=154
[2021.10.03-11.09.41:859][  0]LogShaderLibrary: Display: ShaderCodeLibraryPakFileMountedCallback: PakFile 'D:/UE_4.27/FeaturePacks/TP_SideScrollerBP.upack' (chunk index -1, root 'root:/') mounted
[2021.10.03-11.09.41:859][  0]LogShaderLibrary: Display: ShaderCodeLibraryPakFileMountedCallback: pending pak file info (ChunkID:-1 Root:root:/ File:D:/UE_4.27/FeaturePacks/TP_SideScrollerBP.upack)
[2021.10.03-11.09.41:859][  0]LogPakFile: OnPakFileMounted2Time == 0.000043
[2021.10.03-11.09.41:862][  0]LogPakFile: PakFile PrimaryIndexSize=187
[2021.10.03-11.09.41:862][  0]LogPakFile: PakFile PathHashIndexSize=101
[2021.10.03-11.09.41:862][  0]LogPakFile: PakFile FullDirectoryIndexSize=148
[2021.10.03-11.09.41:862][  0]LogShaderLibrary: Display: ShaderCodeLibraryPakFileMountedCallback: PakFile 'D:/UE_4.27/FeaturePacks/TP_ThirdPerson.upack' (chunk index -1, root 'root:/') mounted
[2021.10.03-11.09.41:862][  0]LogShaderLibrary: Display: ShaderCodeLibraryPakFileMountedCallback: pending pak file info (ChunkID:-1 Root:root:/ File:D:/UE_4.27/FeaturePacks/TP_ThirdPerson.upack)
[2021.10.03-11.09.41:862][  0]LogPakFile: OnPakFileMounted2Time == 0.000035
[2021.10.03-11.09.41:865][  0]LogPakFile: PakFile PrimaryIndexSize=189
[2021.10.03-11.09.41:865][  0]LogPakFile: PakFile PathHashIndexSize=101
[2021.10.03-11.09.41:865][  0]LogPakFile: PakFile FullDirectoryIndexSize=152
[2021.10.03-11.09.41:865][  0]LogShaderLibrary: Display: ShaderCodeLibraryPakFileMountedCallback: PakFile 'D:/UE_4.27/FeaturePacks/TP_ThirdPersonBP.upack' (chunk index -1, root 'root:/') mounted
[2021.10.03-11.09.41:865][  0]LogShaderLibrary: Display: ShaderCodeLibraryPakFileMountedCallback: pending pak file info (ChunkID:-1 Root:root:/ File:D:/UE_4.27/FeaturePacks/TP_ThirdPersonBP.upack)
[2021.10.03-11.09.41:865][  0]LogPakFile: OnPakFileMounted2Time == 0.000040
[2021.10.03-11.09.41:868][  0]LogPakFile: PakFile PrimaryIndexSize=183
[2021.10.03-11.09.41:868][  0]LogPakFile: PakFile PathHashIndexSize=101
[2021.10.03-11.09.41:868][  0]LogPakFile: PakFile FullDirectoryIndexSize=140
[2021.10.03-11.09.41:868][  0]LogShaderLibrary: Display: ShaderCodeLibraryPakFileMountedCallback: PakFile 'D:/UE_4.27/FeaturePacks/TP_TopDown.upack' (chunk index -1, root 'root:/') mounted
[2021.10.03-11.09.41:868][  0]LogShaderLibrary: Display: ShaderCodeLibraryPakFileMountedCallback: pending pak file info (ChunkID:-1 Root:root:/ File:D:/UE_4.27/FeaturePacks/TP_TopDown.upack)
[2021.10.03-11.09.41:868][  0]LogPakFile: OnPakFileMounted2Time == 0.000045
[2021.10.03-11.09.41:871][  0]LogPakFile: PakFile PrimaryIndexSize=185
[2021.10.03-11.09.41:871][  0]LogPakFile: PakFile PathHashIndexSize=101
[2021.10.03-11.09.41:871][  0]LogPakFile: PakFile FullDirectoryIndexSize=144
[2021.10.03-11.09.41:871][  0]LogShaderLibrary: Display: ShaderCodeLibraryPakFileMountedCallback: PakFile 'D:/UE_4.27/FeaturePacks/TP_TopDownBP.upack' (chunk index -1, root 'root:/') mounted
[2021.10.03-11.09.41:871][  0]LogShaderLibrary: Display: ShaderCodeLibraryPakFileMountedCallback: pending pak file info (ChunkID:-1 Root:root:/ File:D:/UE_4.27/FeaturePacks/TP_TopDownBP.upack)
[2021.10.03-11.09.41:871][  0]LogPakFile: OnPakFileMounted2Time == 0.000041
[2021.10.03-11.09.41:874][  0]LogPakFile: PakFile PrimaryIndexSize=185
[2021.10.03-11.09.41:874][  0]LogPakFile: PakFile PathHashIndexSize=101
[2021.10.03-11.09.41:874][  0]LogPakFile: PakFile FullDirectoryIndexSize=144
[2021.10.03-11.09.41:874][  0]LogShaderLibrary: Display: ShaderCodeLibraryPakFileMountedCallback: PakFile 'D:/UE_4.27/FeaturePacks/TP_TwinStick.upack' (chunk index -1, root 'root:/') mounted
[2021.10.03-11.09.41:874][  0]LogShaderLibrary: Display: ShaderCodeLibraryPakFileMountedCallback: pending pak file info (ChunkID:-1 Root:root:/ File:D:/UE_4.27/FeaturePacks/TP_TwinStick.upack)
[2021.10.03-11.09.41:874][  0]LogPakFile: OnPakFileMounted2Time == 0.000036
[2021.10.03-11.09.41:877][  0]LogPakFile: PakFile PrimaryIndexSize=187
[2021.10.03-11.09.41:877][  0]LogPakFile: PakFile PathHashIndexSize=101
[2021.10.03-11.09.41:877][  0]LogPakFile: PakFile FullDirectoryIndexSize=148
[2021.10.03-11.09.41:877][  0]LogShaderLibrary: Display: ShaderCodeLibraryPakFileMountedCallback: PakFile 'D:/UE_4.27/FeaturePacks/TP_TwinStickBP.upack' (chunk index -1, root 'root:/') mounted
[2021.10.03-11.09.41:877][  0]LogShaderLibrary: Display: ShaderCodeLibraryPakFileMountedCallback: pending pak file info (ChunkID:-1 Root:root:/ File:D:/UE_4.27/FeaturePacks/TP_TwinStickBP.upack)
[2021.10.03-11.09.41:877][  0]LogPakFile: OnPakFileMounted2Time == 0.000041
[2021.10.03-11.09.41:880][  0]LogPakFile: PakFile PrimaryIndexSize=183
[2021.10.03-11.09.41:880][  0]LogPakFile: PakFile PathHashIndexSize=101
[2021.10.03-11.09.41:880][  0]LogPakFile: PakFile FullDirectoryIndexSize=140
[2021.10.03-11.09.41:880][  0]LogShaderLibrary: Display: ShaderCodeLibraryPakFileMountedCallback: PakFile 'D:/UE_4.27/FeaturePacks/TP_Vehicle.upack' (chunk index -1, root 'root:/') mounted
[2021.10.03-11.09.41:880][  0]LogShaderLibrary: Display: ShaderCodeLibraryPakFileMountedCallback: pending pak file info (ChunkID:-1 Root:root:/ File:D:/UE_4.27/FeaturePacks/TP_Vehicle.upack)
[2021.10.03-11.09.41:880][  0]LogPakFile: OnPakFileMounted2Time == 0.000043
[2021.10.03-11.09.41:882][  0]LogPakFile: PakFile PrimaryIndexSize=186
[2021.10.03-11.09.41:882][  0]LogPakFile: PakFile PathHashIndexSize=101
[2021.10.03-11.09.41:882][  0]LogPakFile: PakFile FullDirectoryIndexSize=146
[2021.10.03-11.09.41:882][  0]LogShaderLibrary: Display: ShaderCodeLibraryPakFileMountedCallback: PakFile 'D:/UE_4.27/FeaturePacks/TP_VehicleAdv.upack' (chunk index -1, root 'root:/') mounted
[2021.10.03-11.09.41:882][  0]LogShaderLibrary: Display: ShaderCodeLibraryPakFileMountedCallback: pending pak file info (ChunkID:-1 Root:root:/ File:D:/UE_4.27/FeaturePacks/TP_VehicleAdv.upack)
[2021.10.03-11.09.41:882][  0]LogPakFile: OnPakFileMounted2Time == 0.000039
[2021.10.03-11.09.41:886][  0]LogPakFile: PakFile PrimaryIndexSize=188
[2021.10.03-11.09.41:886][  0]LogPakFile: PakFile PathHashIndexSize=101
[2021.10.03-11.09.41:886][  0]LogPakFile: PakFile FullDirectoryIndexSize=150
[2021.10.03-11.09.41:886][  0]LogShaderLibrary: Display: ShaderCodeLibraryPakFileMountedCallback: PakFile 'D:/UE_4.27/FeaturePacks/TP_VehicleAdvBP.upack' (chunk index -1, root 'root:/') mounted
[2021.10.03-11.09.41:886][  0]LogShaderLibrary: Display: ShaderCodeLibraryPakFileMountedCallback: pending pak file info (ChunkID:-1 Root:root:/ File:D:/UE_4.27/FeaturePacks/TP_VehicleAdvBP.upack)
[2021.10.03-11.09.41:886][  0]LogPakFile: OnPakFileMounted2Time == 0.000040
[2021.10.03-11.09.41:888][  0]LogPakFile: PakFile PrimaryIndexSize=185
[2021.10.03-11.09.41:888][  0]LogPakFile: PakFile PathHashIndexSize=101
[2021.10.03-11.09.41:888][  0]LogPakFile: PakFile FullDirectoryIndexSize=144
[2021.10.03-11.09.41:888][  0]LogShaderLibrary: Display: ShaderCodeLibraryPakFileMountedCallback: PakFile 'D:/UE_4.27/FeaturePacks/TP_VehicleBP.upack' (chunk index -1, root 'root:/') mounted
[2021.10.03-11.09.41:889][  0]LogShaderLibrary: Display: ShaderCodeLibraryPakFileMountedCallback: pending pak file info (ChunkID:-1 Root:root:/ File:D:/UE_4.27/FeaturePacks/TP_VehicleBP.upack)
[2021.10.03-11.09.41:889][  0]LogPakFile: OnPakFileMounted2Time == 0.000041
[2021.10.03-11.09.41:891][  0]LogPakFile: PakFile PrimaryIndexSize=192
[2021.10.03-11.09.41:891][  0]LogPakFile: PakFile PathHashIndexSize=101
[2021.10.03-11.09.41:891][  0]LogPakFile: PakFile FullDirectoryIndexSize=158
[2021.10.03-11.09.41:891][  0]LogShaderLibrary: Display: ShaderCodeLibraryPakFileMountedCallback: PakFile 'D:/UE_4.27/FeaturePacks/TP_VirtualRealityBP.upack' (chunk index -1, root 'root:/') mounted
[2021.10.03-11.09.41:891][  0]LogShaderLibrary: Display: ShaderCodeLibraryPakFileMountedCallback: pending pak file info (ChunkID:-1 Root:root:/ File:D:/UE_4.27/FeaturePacks/TP_VirtualRealityBP.upack)
[2021.10.03-11.09.41:891][  0]LogPakFile: OnPakFileMounted2Time == 0.000037
[2021.10.03-11.09.42:348][  0]LogNativeClassHierarchy: Verbose: Native class hierarchy updated for 'AddContentDialog' in 0.0003 seconds. Added 0 classes and 0 folders.
[2021.10.03-11.09.42:362][  0]LogNativeClassHierarchy: Verbose: Native class hierarchy updated for 'SceneOutliner' in 0.0003 seconds. Added 2 classes and 0 folders.
[2021.10.03-11.09.42:999][  0]LogSlate: Took 0.034169 seconds to synchronously load lazily loaded font '../../../Engine/Content/Slate/Fonts/Roboto-Regular.ttf' (155K)
[2021.10.03-11.09.43:014][  0]LogSlate: Took 0.011733 seconds to synchronously load lazily loaded font '../../../Engine/Content/Editor/Slate/Fonts/FontAwesome.ttf' (139K)
[2021.10.03-11.09.43:056][  0]LogSlate: Took 0.038063 seconds to synchronously load lazily loaded font '../../../Engine/Content/Slate/Fonts/Roboto-Bold.ttf' (160K)
[2021.10.03-11.09.43:474][  0]LogRenderer: Reallocating scene render targets to support 1616x604 Format 10 NumSamples 1 (Frame:1).
[2021.10.03-11.09.43:925][  0]LogNativeClassHierarchy: Verbose: Native class hierarchy updated for 'HierarchicalLODOutliner' in 0.0002 seconds. Added 0 classes and 0 folders.
[2021.10.03-11.09.43:925][  0]LogInput: Warning: Action Jump uses invalid key OculusGo_Left_Trigger_Click.
[2021.10.03-11.09.43:925][  0]LogInput: Warning: Action ResetVR uses invalid key OculusGo_Left_Trackpad_Click.
[2021.10.03-11.09.43:925][  0]LogInput: Warning: Use -RemoveInvalidKeys to remove instances of these keys from the action mapping.
[2021.10.03-11.09.43:925][  0]LogLoad: (Engine Initialization) Total time: 52.68 seconds
[2021.10.03-11.09.43:925][  0]LogLoad: (Engine Initialization) Total Blueprint compile time: 0.00 seconds
[2021.10.03-11.09.44:098][  0]LogAssetRegistry: Asset discovery search completed in 32.3190 seconds
[2021.10.03-11.09.44:186][  0]LogCollectionManager: Fixed up redirectors for 0 collections in 0.000014 seconds (updated 0 objects)
[2021.10.03-11.09.44:215][  0]LogContentStreaming: Texture pool size now 1000 MB
[2021.10.03-11.09.44:436][  0]LogRenderer: Reallocating scene render targets to support 1616x624 Format 10 NumSamples 1 (Frame:3).
[2021.10.03-11.09.44:436][  0]LogSlate: Took 0.024232 seconds to synchronously load lazily loaded font '../../../Engine/Content/Slate/Fonts/DroidSansMono.ttf' (77K)
[2021.10.03-11.09.44:816][  2]LogSlate: Took 0.010811 seconds to synchronously load lazily loaded font '../../../Engine/Content/Slate/Fonts/Roboto-Light.ttf' (167K)
[2021.10.03-11.09.46:185][155]LogSlate: Window 'Message Log' being destroyed
[2021.10.03-11.09.46:191][155]LogSlate: Window 'Message Log' being destroyed
[2021.10.03-11.10.46:873][929]LogSlate: Took 0.093025 seconds to synchronously load lazily loaded font '../../../Engine/Content/Slate/Fonts/DroidSansFallback.ttf' (3848K)
